{"D:\\Beer\\middleware\\validation.js": {"path":"D:\\Beer\\middleware\\validation.js","statementMap":{"0":{"start":{"line":5,"column":2},"end":{"line":5,"column":24}},"1":{"start":{"line":5,"column":11},"end":{"line":5,"column":24}},"2":{"start":{"line":6,"column":2},"end":{"line":6,"column":44}},"3":{"start":{"line":6,"column":30},"end":{"line":6,"column":44}},"4":{"start":{"line":7,"column":2},"end":{"line":13,"column":3}},"5":{"start":{"line":8,"column":20},"end":{"line":8,"column":29}},"6":{"start":{"line":9,"column":4},"end":{"line":9,"column":31}},"7":{"start":{"line":9,"column":18},"end":{"line":9,"column":31}},"8":{"start":{"line":11,"column":22},"end":{"line":11,"column":87}},"9":{"start":{"line":12,"column":4},"end":{"line":12,"column":60}},"10":{"start":{"line":14,"column":2},"end":{"line":14,"column":15}},"11":{"start":{"line":19,"column":2},"end":{"line":19,"column":60}},"12":{"start":{"line":19,"column":47},"end":{"line":19,"column":60}},"13":{"start":{"line":20,"column":16},"end":{"line":20,"column":37}},"14":{"start":{"line":21,"column":2},"end":{"line":21,"column":41}},"15":{"start":{"line":21,"column":28},"end":{"line":21,"column":41}},"16":{"start":{"line":22,"column":12},"end":{"line":22,"column":29}},"17":{"start":{"line":23,"column":2},"end":{"line":23,"column":50}},"18":{"start":{"line":28,"column":2},"end":{"line":28,"column":62}},"19":{"start":{"line":33,"column":2},"end":{"line":33,"column":43}},"20":{"start":{"line":38,"column":2},"end":{"line":38,"column":41}},"21":{"start":{"line":38,"column":31},"end":{"line":38,"column":41}},"22":{"start":{"line":39,"column":2},"end":{"line":39,"column":69}},"23":{"start":{"line":44,"column":2},"end":{"line":44,"column":57}},"24":{"start":{"line":44,"column":47},"end":{"line":44,"column":57}},"25":{"start":{"line":45,"column":2},"end":{"line":45,"column":41}},"26":{"start":{"line":45,"column":26},"end":{"line":45,"column":39}},"27":{"start":{"line":49,"column":16},"end":{"line":119,"column":1}},"28":{"start":{"line":57,"column":21},"end":{"line":57,"column":63}},"29":{"start":{"line":58,"column":27},"end":{"line":58,"column":69}},"30":{"start":{"line":59,"column":26},"end":{"line":59,"column":68}},"31":{"start":{"line":68,"column":19},"end":{"line":68,"column":88}},"32":{"start":{"line":69,"column":20},"end":{"line":69,"column":86}},"33":{"start":{"line":70,"column":22},"end":{"line":70,"column":64}},"34":{"start":{"line":71,"column":26},"end":{"line":71,"column":68}},"35":{"start":{"line":72,"column":19},"end":{"line":72,"column":61}},"36":{"start":{"line":81,"column":19},"end":{"line":81,"column":88}},"37":{"start":{"line":82,"column":20},"end":{"line":82,"column":62}},"38":{"start":{"line":83,"column":25},"end":{"line":83,"column":67}},"39":{"start":{"line":84,"column":25},"end":{"line":84,"column":67}},"40":{"start":{"line":93,"column":23},"end":{"line":93,"column":71}},"41":{"start":{"line":95,"column":17},"end":{"line":95,"column":59}},"42":{"start":{"line":114,"column":21},"end":{"line":114,"column":62}},"43":{"start":{"line":115,"column":21},"end":{"line":115,"column":82}},"44":{"start":{"line":116,"column":21},"end":{"line":116,"column":65}},"45":{"start":{"line":123,"column":17},"end":{"line":123,"column":36}},"46":{"start":{"line":124,"column":2},"end":{"line":126,"column":3}},"47":{"start":{"line":125,"column":4},"end":{"line":125,"column":38}},"48":{"start":{"line":125,"column":31},"end":{"line":125,"column":37}},"49":{"start":{"line":128,"column":2},"end":{"line":155,"column":4}},"50":{"start":{"line":129,"column":17},"end":{"line":129,"column":60}},"51":{"start":{"line":130,"column":19},"end":{"line":130,"column":21}},"52":{"start":{"line":133,"column":4},"end":{"line":137,"column":5}},"53":{"start":{"line":134,"column":6},"end":{"line":136,"column":7}},"54":{"start":{"line":135,"column":8},"end":{"line":135,"column":56}},"55":{"start":{"line":140,"column":4},"end":{"line":148,"column":5}},"56":{"start":{"line":141,"column":6},"end":{"line":147,"column":7}},"57":{"start":{"line":142,"column":8},"end":{"line":146,"column":9}},"58":{"start":{"line":143,"column":10},"end":{"line":145,"column":11}},"59":{"start":{"line":144,"column":12},"end":{"line":144,"column":61}},"60":{"start":{"line":150,"column":4},"end":{"line":152,"column":5}},"61":{"start":{"line":151,"column":6},"end":{"line":151,"column":62}},"62":{"start":{"line":154,"column":4},"end":{"line":154,"column":11}},"63":{"start":{"line":158,"column":0},"end":{"line":167,"column":2}}},"fnMap":{"0":{"name":"isValidId","decl":{"start":{"line":4,"column":9},"end":{"line":4,"column":18}},"loc":{"start":{"line":4,"column":23},"end":{"line":15,"column":1}},"line":4},"1":{"name":"isValidDate","decl":{"start":{"line":18,"column":9},"end":{"line":18,"column":20}},"loc":{"start":{"line":18,"column":30},"end":{"line":24,"column":1}},"line":18},"2":{"name":"isPositiveNumber","decl":{"start":{"line":27,"column":9},"end":{"line":27,"column":25}},"loc":{"start":{"line":27,"column":31},"end":{"line":29,"column":1}},"line":27},"3":{"name":"isNonNegativeInt","decl":{"start":{"line":32,"column":9},"end":{"line":32,"column":25}},"loc":{"start":{"line":32,"column":31},"end":{"line":34,"column":1}},"line":32},"4":{"name":"sanitizeString","decl":{"start":{"line":37,"column":9},"end":{"line":37,"column":23}},"loc":{"start":{"line":37,"column":43},"end":{"line":40,"column":1}},"line":37},"5":{"name":"validateIdArray","decl":{"start":{"line":43,"column":9},"end":{"line":43,"column":24}},"loc":{"start":{"line":43,"column":30},"end":{"line":46,"column":1}},"line":43},"6":{"name":"(anonymous_6)","decl":{"start":{"line":45,"column":20},"end":{"line":45,"column":21}},"loc":{"start":{"line":45,"column":26},"end":{"line":45,"column":39}},"line":45},"7":{"name":"(anonymous_7)","decl":{"start":{"line":57,"column":14},"end":{"line":57,"column":15}},"loc":{"start":{"line":57,"column":21},"end":{"line":57,"column":63}},"line":57},"8":{"name":"(anonymous_8)","decl":{"start":{"line":58,"column":20},"end":{"line":58,"column":21}},"loc":{"start":{"line":58,"column":27},"end":{"line":58,"column":69}},"line":58},"9":{"name":"(anonymous_9)","decl":{"start":{"line":59,"column":19},"end":{"line":59,"column":20}},"loc":{"start":{"line":59,"column":26},"end":{"line":59,"column":68}},"line":59},"10":{"name":"(anonymous_10)","decl":{"start":{"line":68,"column":12},"end":{"line":68,"column":13}},"loc":{"start":{"line":68,"column":19},"end":{"line":68,"column":88}},"line":68},"11":{"name":"(anonymous_11)","decl":{"start":{"line":69,"column":13},"end":{"line":69,"column":14}},"loc":{"start":{"line":69,"column":20},"end":{"line":69,"column":86}},"line":69},"12":{"name":"(anonymous_12)","decl":{"start":{"line":70,"column":15},"end":{"line":70,"column":16}},"loc":{"start":{"line":70,"column":22},"end":{"line":70,"column":64}},"line":70},"13":{"name":"(anonymous_13)","decl":{"start":{"line":71,"column":19},"end":{"line":71,"column":20}},"loc":{"start":{"line":71,"column":26},"end":{"line":71,"column":68}},"line":71},"14":{"name":"(anonymous_14)","decl":{"start":{"line":72,"column":12},"end":{"line":72,"column":13}},"loc":{"start":{"line":72,"column":19},"end":{"line":72,"column":61}},"line":72},"15":{"name":"(anonymous_15)","decl":{"start":{"line":81,"column":12},"end":{"line":81,"column":13}},"loc":{"start":{"line":81,"column":19},"end":{"line":81,"column":88}},"line":81},"16":{"name":"(anonymous_16)","decl":{"start":{"line":82,"column":13},"end":{"line":82,"column":14}},"loc":{"start":{"line":82,"column":20},"end":{"line":82,"column":62}},"line":82},"17":{"name":"(anonymous_17)","decl":{"start":{"line":83,"column":18},"end":{"line":83,"column":19}},"loc":{"start":{"line":83,"column":25},"end":{"line":83,"column":67}},"line":83},"18":{"name":"(anonymous_18)","decl":{"start":{"line":84,"column":18},"end":{"line":84,"column":19}},"loc":{"start":{"line":84,"column":25},"end":{"line":84,"column":67}},"line":84},"19":{"name":"(anonymous_19)","decl":{"start":{"line":93,"column":16},"end":{"line":93,"column":17}},"loc":{"start":{"line":93,"column":23},"end":{"line":93,"column":71}},"line":93},"20":{"name":"(anonymous_20)","decl":{"start":{"line":95,"column":10},"end":{"line":95,"column":11}},"loc":{"start":{"line":95,"column":17},"end":{"line":95,"column":59}},"line":95},"21":{"name":"(anonymous_21)","decl":{"start":{"line":114,"column":14},"end":{"line":114,"column":15}},"loc":{"start":{"line":114,"column":21},"end":{"line":114,"column":62}},"line":114},"22":{"name":"(anonymous_22)","decl":{"start":{"line":115,"column":14},"end":{"line":115,"column":15}},"loc":{"start":{"line":115,"column":21},"end":{"line":115,"column":82}},"line":115},"23":{"name":"(anonymous_23)","decl":{"start":{"line":116,"column":14},"end":{"line":116,"column":15}},"loc":{"start":{"line":116,"column":21},"end":{"line":116,"column":65}},"line":116},"24":{"name":"validate","decl":{"start":{"line":122,"column":9},"end":{"line":122,"column":17}},"loc":{"start":{"line":122,"column":44},"end":{"line":156,"column":1}},"line":122},"25":{"name":"(anonymous_25)","decl":{"start":{"line":125,"column":11},"end":{"line":125,"column":12}},"loc":{"start":{"line":125,"column":31},"end":{"line":125,"column":37}},"line":125},"26":{"name":"(anonymous_26)","decl":{"start":{"line":128,"column":9},"end":{"line":128,"column":10}},"loc":{"start":{"line":128,"column":29},"end":{"line":155,"column":3}},"line":128}},"branchMap":{"0":{"loc":{"start":{"line":5,"column":2},"end":{"line":5,"column":24}},"type":"if","locations":[{"start":{"line":5,"column":2},"end":{"line":5,"column":24}},{"start":{},"end":{}}],"line":5},"1":{"loc":{"start":{"line":6,"column":2},"end":{"line":6,"column":44}},"type":"if","locations":[{"start":{"line":6,"column":2},"end":{"line":6,"column":44}},{"start":{},"end":{}}],"line":6},"2":{"loc":{"start":{"line":7,"column":2},"end":{"line":13,"column":3}},"type":"if","locations":[{"start":{"line":7,"column":2},"end":{"line":13,"column":3}},{"start":{},"end":{}}],"line":7},"3":{"loc":{"start":{"line":9,"column":4},"end":{"line":9,"column":31}},"type":"if","locations":[{"start":{"line":9,"column":4},"end":{"line":9,"column":31}},{"start":{},"end":{}}],"line":9},"4":{"loc":{"start":{"line":12,"column":11},"end":{"line":12,"column":59}},"type":"binary-expr","locations":[{"start":{"line":12,"column":11},"end":{"line":12,"column":34}},{"start":{"line":12,"column":38},"end":{"line":12,"column":59}}],"line":12},"5":{"loc":{"start":{"line":19,"column":2},"end":{"line":19,"column":60}},"type":"if","locations":[{"start":{"line":19,"column":2},"end":{"line":19,"column":60}},{"start":{},"end":{}}],"line":19},"6":{"loc":{"start":{"line":19,"column":6},"end":{"line":19,"column":45}},"type":"binary-expr","locations":[{"start":{"line":19,"column":6},"end":{"line":19,"column":14}},{"start":{"line":19,"column":18},"end":{"line":19,"column":45}}],"line":19},"7":{"loc":{"start":{"line":21,"column":2},"end":{"line":21,"column":41}},"type":"if","locations":[{"start":{"line":21,"column":2},"end":{"line":21,"column":41}},{"start":{},"end":{}}],"line":21},"8":{"loc":{"start":{"line":23,"column":9},"end":{"line":23,"column":49}},"type":"binary-expr","locations":[{"start":{"line":23,"column":9},"end":{"line":23,"column":26}},{"start":{"line":23,"column":30},"end":{"line":23,"column":49}}],"line":23},"9":{"loc":{"start":{"line":28,"column":9},"end":{"line":28,"column":61}},"type":"binary-expr","locations":[{"start":{"line":28,"column":9},"end":{"line":28,"column":32}},{"start":{"line":28,"column":36},"end":{"line":28,"column":44}},{"start":{"line":28,"column":48},"end":{"line":28,"column":61}}],"line":28},"10":{"loc":{"start":{"line":33,"column":9},"end":{"line":33,"column":42}},"type":"binary-expr","locations":[{"start":{"line":33,"column":9},"end":{"line":33,"column":30}},{"start":{"line":33,"column":34},"end":{"line":33,"column":42}}],"line":33},"11":{"loc":{"start":{"line":37,"column":29},"end":{"line":37,"column":41}},"type":"default-arg","locations":[{"start":{"line":37,"column":38},"end":{"line":37,"column":41}}],"line":37},"12":{"loc":{"start":{"line":38,"column":2},"end":{"line":38,"column":41}},"type":"if","locations":[{"start":{"line":38,"column":2},"end":{"line":38,"column":41}},{"start":{},"end":{}}],"line":38},"13":{"loc":{"start":{"line":44,"column":2},"end":{"line":44,"column":57}},"type":"if","locations":[{"start":{"line":44,"column":2},"end":{"line":44,"column":57}},{"start":{},"end":{}}],"line":44},"14":{"loc":{"start":{"line":44,"column":6},"end":{"line":44,"column":45}},"type":"binary-expr","locations":[{"start":{"line":44,"column":6},"end":{"line":44,"column":25}},{"start":{"line":44,"column":29},"end":{"line":44,"column":45}}],"line":44},"15":{"loc":{"start":{"line":57,"column":21},"end":{"line":57,"column":63}},"type":"binary-expr","locations":[{"start":{"line":57,"column":21},"end":{"line":57,"column":38}},{"start":{"line":57,"column":42},"end":{"line":57,"column":63}}],"line":57},"16":{"loc":{"start":{"line":58,"column":27},"end":{"line":58,"column":69}},"type":"binary-expr","locations":[{"start":{"line":58,"column":27},"end":{"line":58,"column":44}},{"start":{"line":58,"column":48},"end":{"line":58,"column":69}}],"line":58},"17":{"loc":{"start":{"line":59,"column":26},"end":{"line":59,"column":68}},"type":"binary-expr","locations":[{"start":{"line":59,"column":26},"end":{"line":59,"column":43}},{"start":{"line":59,"column":47},"end":{"line":59,"column":68}}],"line":59},"18":{"loc":{"start":{"line":68,"column":19},"end":{"line":68,"column":88}},"type":"binary-expr","locations":[{"start":{"line":68,"column":19},"end":{"line":68,"column":42}},{"start":{"line":68,"column":46},"end":{"line":68,"column":67}},{"start":{"line":68,"column":71},"end":{"line":68,"column":88}}],"line":68},"19":{"loc":{"start":{"line":69,"column":20},"end":{"line":69,"column":86}},"type":"binary-expr","locations":[{"start":{"line":69,"column":20},"end":{"line":69,"column":37}},{"start":{"line":69,"column":42},"end":{"line":69,"column":65}},{"start":{"line":69,"column":69},"end":{"line":69,"column":85}}],"line":69},"20":{"loc":{"start":{"line":70,"column":22},"end":{"line":70,"column":64}},"type":"binary-expr","locations":[{"start":{"line":70,"column":22},"end":{"line":70,"column":39}},{"start":{"line":70,"column":43},"end":{"line":70,"column":64}}],"line":70},"21":{"loc":{"start":{"line":71,"column":26},"end":{"line":71,"column":68}},"type":"binary-expr","locations":[{"start":{"line":71,"column":26},"end":{"line":71,"column":43}},{"start":{"line":71,"column":47},"end":{"line":71,"column":68}}],"line":71},"22":{"loc":{"start":{"line":72,"column":19},"end":{"line":72,"column":61}},"type":"binary-expr","locations":[{"start":{"line":72,"column":19},"end":{"line":72,"column":36}},{"start":{"line":72,"column":40},"end":{"line":72,"column":61}}],"line":72},"23":{"loc":{"start":{"line":81,"column":19},"end":{"line":81,"column":88}},"type":"binary-expr","locations":[{"start":{"line":81,"column":19},"end":{"line":81,"column":42}},{"start":{"line":81,"column":46},"end":{"line":81,"column":67}},{"start":{"line":81,"column":71},"end":{"line":81,"column":88}}],"line":81},"24":{"loc":{"start":{"line":82,"column":20},"end":{"line":82,"column":62}},"type":"binary-expr","locations":[{"start":{"line":82,"column":20},"end":{"line":82,"column":37}},{"start":{"line":82,"column":41},"end":{"line":82,"column":62}}],"line":82},"25":{"loc":{"start":{"line":83,"column":25},"end":{"line":83,"column":67}},"type":"binary-expr","locations":[{"start":{"line":83,"column":25},"end":{"line":83,"column":42}},{"start":{"line":83,"column":46},"end":{"line":83,"column":67}}],"line":83},"26":{"loc":{"start":{"line":84,"column":25},"end":{"line":84,"column":67}},"type":"binary-expr","locations":[{"start":{"line":84,"column":25},"end":{"line":84,"column":42}},{"start":{"line":84,"column":46},"end":{"line":84,"column":67}}],"line":84},"27":{"loc":{"start":{"line":93,"column":23},"end":{"line":93,"column":71}},"type":"binary-expr","locations":[{"start":{"line":93,"column":23},"end":{"line":93,"column":46}},{"start":{"line":93,"column":50},"end":{"line":93,"column":71}}],"line":93},"28":{"loc":{"start":{"line":95,"column":17},"end":{"line":95,"column":59}},"type":"binary-expr","locations":[{"start":{"line":95,"column":17},"end":{"line":95,"column":34}},{"start":{"line":95,"column":38},"end":{"line":95,"column":59}}],"line":95},"29":{"loc":{"start":{"line":114,"column":21},"end":{"line":114,"column":62}},"type":"binary-expr","locations":[{"start":{"line":114,"column":21},"end":{"line":114,"column":44}},{"start":{"line":114,"column":48},"end":{"line":114,"column":62}}],"line":114},"30":{"loc":{"start":{"line":115,"column":21},"end":{"line":115,"column":82}},"type":"binary-expr","locations":[{"start":{"line":115,"column":21},"end":{"line":115,"column":44}},{"start":{"line":115,"column":48},"end":{"line":115,"column":62}},{"start":{"line":115,"column":66},"end":{"line":115,"column":82}}],"line":115},"31":{"loc":{"start":{"line":122,"column":30},"end":{"line":122,"column":42}},"type":"default-arg","locations":[{"start":{"line":122,"column":40},"end":{"line":122,"column":42}}],"line":122},"32":{"loc":{"start":{"line":124,"column":2},"end":{"line":126,"column":3}},"type":"if","locations":[{"start":{"line":124,"column":2},"end":{"line":126,"column":3}},{"start":{},"end":{}}],"line":124},"33":{"loc":{"start":{"line":129,"column":17},"end":{"line":129,"column":60}},"type":"cond-expr","locations":[{"start":{"line":129,"column":40},"end":{"line":129,"column":49}},{"start":{"line":129,"column":52},"end":{"line":129,"column":60}}],"line":129},"34":{"loc":{"start":{"line":134,"column":6},"end":{"line":136,"column":7}},"type":"if","locations":[{"start":{"line":134,"column":6},"end":{"line":136,"column":7}},{"start":{},"end":{}}],"line":134},"35":{"loc":{"start":{"line":134,"column":10},"end":{"line":134,"column":81}},"type":"binary-expr","locations":[{"start":{"line":134,"column":10},"end":{"line":134,"column":35}},{"start":{"line":134,"column":39},"end":{"line":134,"column":59}},{"start":{"line":134,"column":63},"end":{"line":134,"column":81}}],"line":134},"36":{"loc":{"start":{"line":140,"column":4},"end":{"line":148,"column":5}},"type":"if","locations":[{"start":{"line":140,"column":4},"end":{"line":148,"column":5}},{"start":{},"end":{}}],"line":140},"37":{"loc":{"start":{"line":142,"column":8},"end":{"line":146,"column":9}},"type":"if","locations":[{"start":{"line":142,"column":8},"end":{"line":146,"column":9}},{"start":{},"end":{}}],"line":142},"38":{"loc":{"start":{"line":142,"column":12},"end":{"line":142,"column":61}},"type":"binary-expr","locations":[{"start":{"line":142,"column":12},"end":{"line":142,"column":37}},{"start":{"line":142,"column":41},"end":{"line":142,"column":61}}],"line":142},"39":{"loc":{"start":{"line":143,"column":10},"end":{"line":145,"column":11}},"type":"if","locations":[{"start":{"line":143,"column":10},"end":{"line":145,"column":11}},{"start":{},"end":{}}],"line":143},"40":{"loc":{"start":{"line":150,"column":4},"end":{"line":152,"column":5}},"type":"if","locations":[{"start":{"line":150,"column":4},"end":{"line":152,"column":5}},{"start":{},"end":{}}],"line":150}},"s":{"0":16,"1":5,"2":11,"3":7,"4":4,"5":4,"6":4,"7":1,"8":3,"9":3,"10":0,"11":10,"12":4,"13":6,"14":6,"15":3,"16":3,"17":3,"18":9,"19":5,"20":4,"21":2,"22":2,"23":4,"24":3,"25":1,"26":5,"27":1,"28":0,"29":0,"30":0,"31":0,"32":0,"33":0,"34":0,"35":0,"36":0,"37":0,"38":0,"39":0,"40":0,"41":0,"42":0,"43":0,"44":0,"45":3,"46":3,"47":1,"48":1,"49":2,"50":2,"51":2,"52":2,"53":4,"54":2,"55":2,"56":2,"57":10,"58":2,"59":0,"60":2,"61":1,"62":1,"63":1},"f":{"0":16,"1":10,"2":9,"3":5,"4":4,"5":4,"6":5,"7":0,"8":0,"9":0,"10":0,"11":0,"12":0,"13":0,"14":0,"15":0,"16":0,"17":0,"18":0,"19":0,"20":0,"21":0,"22":0,"23":0,"24":3,"25":1,"26":2},"b":{"0":[5,11],"1":[7,4],"2":[4,0],"3":[1,3],"4":[3,3],"5":[4,6],"6":[10,8],"7":[3,3],"8":[3,3],"9":[9,9,6],"10":[5,4],"11":[4],"12":[2,2],"13":[3,1],"14":[4,2],"15":[0,0],"16":[0,0],"17":[0,0],"18":[0,0,0],"19":[0,0,0],"20":[0,0],"21":[0,0],"22":[0,0],"23":[0,0,0],"24":[0,0],"25":[0,0],"26":[0,0],"27":[0,0],"28":[0,0],"29":[0,0],"30":[0,0,0],"31":[3],"32":[1,2],"33":[0,2],"34":[2,2],"35":[4,2,2],"36":[2,0],"37":[2,8],"38":[10,2],"39":[0,2],"40":[1,1]},"_coverageSchema":"1a1c01bbd47fc00a2c39e90264f33305004495a9","hash":"bfa683cdc606c8deb49ad7ec1932c42034ee0b43"}
,"D:\\Beer\\src\\services\\DebtService.js": {"path":"D:\\Beer\\src\\services\\DebtService.js","statementMap":{"0":{"start":{"line":5,"column":11},"end":{"line":5,"column":36}},"1":{"start":{"line":6,"column":15},"end":{"line":6,"column":41}},"2":{"start":{"line":9,"column":2},"end":{"line":9,"column":126}},"3":{"start":{"line":14,"column":4},"end":{"line":16,"column":5}},"4":{"start":{"line":15,"column":6},"end":{"line":15,"column":63}},"5":{"start":{"line":18,"column":15},"end":{"line":50,"column":6}},"6":{"start":{"line":19,"column":23},"end":{"line":19,"column":106}},"7":{"start":{"line":20,"column":6},"end":{"line":22,"column":7}},"8":{"start":{"line":21,"column":8},"end":{"line":21,"column":53}},"9":{"start":{"line":24,"column":28},"end":{"line":24,"column":46}},"10":{"start":{"line":25,"column":27},"end":{"line":25,"column":49}},"11":{"start":{"line":27,"column":27},"end":{"line":30,"column":111}},"12":{"start":{"line":32,"column":6},"end":{"line":32,"column":93}},"13":{"start":{"line":34,"column":24},"end":{"line":34,"column":28}},"14":{"start":{"line":35,"column":6},"end":{"line":47,"column":7}},"15":{"start":{"line":36,"column":25},"end":{"line":36,"column":95}},"16":{"start":{"line":37,"column":8},"end":{"line":46,"column":9}},"17":{"start":{"line":38,"column":27},"end":{"line":41,"column":52}},"18":{"start":{"line":42,"column":10},"end":{"line":42,"column":49}},"19":{"start":{"line":43,"column":10},"end":{"line":43,"column":111}},"20":{"start":{"line":45,"column":10},"end":{"line":45,"column":36}},"21":{"start":{"line":49,"column":6},"end":{"line":49,"column":101}},"22":{"start":{"line":52,"column":4},"end":{"line":58,"column":5}},"23":{"start":{"line":53,"column":21},"end":{"line":53,"column":25}},"24":{"start":{"line":54,"column":6},"end":{"line":54,"column":42}},"25":{"start":{"line":56,"column":6},"end":{"line":56,"column":55}},"26":{"start":{"line":57,"column":6},"end":{"line":57,"column":50}},"27":{"start":{"line":62,"column":4},"end":{"line":64,"column":5}},"28":{"start":{"line":63,"column":6},"end":{"line":63,"column":63}},"29":{"start":{"line":66,"column":15},"end":{"line":123,"column":6}},"30":{"start":{"line":67,"column":23},"end":{"line":67,"column":106}},"31":{"start":{"line":68,"column":6},"end":{"line":70,"column":7}},"32":{"start":{"line":69,"column":8},"end":{"line":69,"column":53}},"33":{"start":{"line":72,"column":28},"end":{"line":72,"column":46}},"34":{"start":{"line":73,"column":28},"end":{"line":73,"column":59}},"35":{"start":{"line":74,"column":27},"end":{"line":74,"column":69}},"36":{"start":{"line":76,"column":28},"end":{"line":79,"column":117}},"37":{"start":{"line":80,"column":24},"end":{"line":80,"column":53}},"38":{"start":{"line":82,"column":27},"end":{"line":85,"column":150}},"39":{"start":{"line":86,"column":32},"end":{"line":86,"column":60}},"40":{"start":{"line":88,"column":6},"end":{"line":88,"column":93}},"41":{"start":{"line":90,"column":26},"end":{"line":90,"column":30}},"42":{"start":{"line":91,"column":6},"end":{"line":120,"column":7}},"43":{"start":{"line":92,"column":26},"end":{"line":92,"column":95}},"44":{"start":{"line":93,"column":8},"end":{"line":101,"column":9}},"45":{"start":{"line":94,"column":26},"end":{"line":94,"column":63}},"46":{"start":{"line":95,"column":31},"end":{"line":95,"column":79}},"47":{"start":{"line":96,"column":25},"end":{"line":96,"column":63}},"48":{"start":{"line":97,"column":10},"end":{"line":98,"column":62}},"49":{"start":{"line":99,"column":10},"end":{"line":99,"column":93}},"50":{"start":{"line":100,"column":10},"end":{"line":100,"column":59}},"51":{"start":{"line":103,"column":29},"end":{"line":105,"column":26}},"52":{"start":{"line":107,"column":24},"end":{"line":107,"column":37}},"53":{"start":{"line":108,"column":8},"end":{"line":119,"column":9}},"54":{"start":{"line":109,"column":10},"end":{"line":109,"column":36}},"55":{"start":{"line":109,"column":30},"end":{"line":109,"column":36}},"56":{"start":{"line":110,"column":26},"end":{"line":110,"column":66}},"57":{"start":{"line":111,"column":26},"end":{"line":111,"column":50}},"58":{"start":{"line":112,"column":31},"end":{"line":112,"column":72}},"59":{"start":{"line":113,"column":25},"end":{"line":113,"column":63}},"60":{"start":{"line":114,"column":10},"end":{"line":115,"column":55}},"61":{"start":{"line":116,"column":10},"end":{"line":116,"column":97}},"62":{"start":{"line":117,"column":10},"end":{"line":117,"column":31}},"63":{"start":{"line":118,"column":10},"end":{"line":118,"column":71}},"64":{"start":{"line":122,"column":6},"end":{"line":122,"column":99}},"65":{"start":{"line":125,"column":4},"end":{"line":131,"column":5}},"66":{"start":{"line":126,"column":21},"end":{"line":126,"column":25}},"67":{"start":{"line":127,"column":6},"end":{"line":127,"column":42}},"68":{"start":{"line":129,"column":6},"end":{"line":129,"column":52}},"69":{"start":{"line":130,"column":6},"end":{"line":130,"column":50}},"70":{"start":{"line":135,"column":4},"end":{"line":137,"column":5}},"71":{"start":{"line":136,"column":6},"end":{"line":136,"column":55}},"72":{"start":{"line":139,"column":15},"end":{"line":164,"column":6}},"73":{"start":{"line":140,"column":24},"end":{"line":140,"column":93}},"74":{"start":{"line":141,"column":6},"end":{"line":143,"column":7}},"75":{"start":{"line":142,"column":8},"end":{"line":142,"column":52}},"76":{"start":{"line":145,"column":23},"end":{"line":145,"column":100}},"77":{"start":{"line":146,"column":6},"end":{"line":148,"column":7}},"78":{"start":{"line":147,"column":8},"end":{"line":147,"column":53}},"79":{"start":{"line":150,"column":27},"end":{"line":150,"column":53}},"80":{"start":{"line":151,"column":28},"end":{"line":151,"column":46}},"81":{"start":{"line":152,"column":27},"end":{"line":152,"column":68}},"82":{"start":{"line":154,"column":6},"end":{"line":157,"column":148}},"83":{"start":{"line":159,"column":6},"end":{"line":159,"column":104}},"84":{"start":{"line":160,"column":6},"end":{"line":160,"column":74}},"85":{"start":{"line":161,"column":6},"end":{"line":161,"column":91}},"86":{"start":{"line":163,"column":6},"end":{"line":163,"column":46}},"87":{"start":{"line":166,"column":4},"end":{"line":172,"column":5}},"88":{"start":{"line":167,"column":21},"end":{"line":167,"column":25}},"89":{"start":{"line":168,"column":6},"end":{"line":168,"column":42}},"90":{"start":{"line":170,"column":6},"end":{"line":170,"column":63}},"91":{"start":{"line":171,"column":6},"end":{"line":171,"column":50}},"92":{"start":{"line":176,"column":4},"end":{"line":178,"column":5}},"93":{"start":{"line":177,"column":6},"end":{"line":177,"column":59}},"94":{"start":{"line":180,"column":15},"end":{"line":197,"column":6}},"95":{"start":{"line":181,"column":23},"end":{"line":181,"column":106}},"96":{"start":{"line":182,"column":6},"end":{"line":184,"column":7}},"97":{"start":{"line":183,"column":8},"end":{"line":183,"column":53}},"98":{"start":{"line":186,"column":28},"end":{"line":186,"column":46}},"99":{"start":{"line":187,"column":25},"end":{"line":187,"column":47}},"100":{"start":{"line":188,"column":6},"end":{"line":188,"column":45}},"101":{"start":{"line":188,"column":28},"end":{"line":188,"column":45}},"102":{"start":{"line":190,"column":6},"end":{"line":193,"column":128}},"103":{"start":{"line":195,"column":6},"end":{"line":195,"column":93}},"104":{"start":{"line":196,"column":6},"end":{"line":196,"column":39}},"105":{"start":{"line":199,"column":4},"end":{"line":205,"column":5}},"106":{"start":{"line":200,"column":21},"end":{"line":200,"column":25}},"107":{"start":{"line":201,"column":6},"end":{"line":201,"column":42}},"108":{"start":{"line":203,"column":6},"end":{"line":203,"column":55}},"109":{"start":{"line":204,"column":6},"end":{"line":204,"column":50}},"110":{"start":{"line":209,"column":21},"end":{"line":209,"column":87}},"111":{"start":{"line":210,"column":4},"end":{"line":210,"column":76}},"112":{"start":{"line":210,"column":19},"end":{"line":210,"column":76}},"113":{"start":{"line":212,"column":23},"end":{"line":212,"column":100}},"114":{"start":{"line":213,"column":27},"end":{"line":213,"column":94}},"115":{"start":{"line":213,"column":58},"end":{"line":213,"column":90}},"116":{"start":{"line":214,"column":23},"end":{"line":214,"column":41}},"117":{"start":{"line":215,"column":17},"end":{"line":215,"column":44}},"118":{"start":{"line":217,"column":4},"end":{"line":217,"column":75}},"119":{"start":{"line":221,"column":14},"end":{"line":230,"column":5}},"120":{"start":{"line":232,"column":19},"end":{"line":232,"column":21}},"121":{"start":{"line":233,"column":4},"end":{"line":233,"column":50}},"122":{"start":{"line":233,"column":25},"end":{"line":233,"column":50}},"123":{"start":{"line":234,"column":4},"end":{"line":236,"column":5}},"124":{"start":{"line":235,"column":6},"end":{"line":235,"column":116}},"125":{"start":{"line":237,"column":4},"end":{"line":237,"column":47}},"126":{"start":{"line":239,"column":4},"end":{"line":243,"column":5}},"127":{"start":{"line":240,"column":6},"end":{"line":240,"column":24}},"128":{"start":{"line":241,"column":6},"end":{"line":241,"column":33}},"129":{"start":{"line":242,"column":6},"end":{"line":242,"column":78}},"130":{"start":{"line":242,"column":28},"end":{"line":242,"column":47}},"131":{"start":{"line":242,"column":48},"end":{"line":242,"column":76}},"132":{"start":{"line":245,"column":4},"end":{"line":245,"column":42}},"133":{"start":{"line":249,"column":21},"end":{"line":249,"column":104}},"134":{"start":{"line":250,"column":4},"end":{"line":250,"column":31}},"135":{"start":{"line":250,"column":19},"end":{"line":250,"column":31}},"136":{"start":{"line":252,"column":23},"end":{"line":252,"column":125}},"137":{"start":{"line":253,"column":21},"end":{"line":253,"column":123}},"138":{"start":{"line":254,"column":20},"end":{"line":256,"column":22}},"139":{"start":{"line":258,"column":4},"end":{"line":265,"column":6}},"140":{"start":{"line":264,"column":43},"end":{"line":264,"column":63}},"141":{"start":{"line":269,"column":17},"end":{"line":269,"column":75}},"142":{"start":{"line":270,"column":4},"end":{"line":270,"column":27}},"143":{"start":{"line":270,"column":15},"end":{"line":270,"column":27}},"144":{"start":{"line":272,"column":22},"end":{"line":272,"column":91}},"145":{"start":{"line":273,"column":21},"end":{"line":278,"column":18}},"146":{"start":{"line":280,"column":22},"end":{"line":280,"column":59}},"147":{"start":{"line":281,"column":22},"end":{"line":281,"column":73}},"148":{"start":{"line":283,"column":4},"end":{"line":292,"column":6}},"149":{"start":{"line":296,"column":0},"end":{"line":296,"column":29}}},"fnMap":{"0":{"name":"formatCurrency","decl":{"start":{"line":8,"column":9},"end":{"line":8,"column":23}},"loc":{"start":{"line":8,"column":32},"end":{"line":10,"column":1}},"line":8},"1":{"name":"(anonymous_1)","decl":{"start":{"line":13,"column":2},"end":{"line":13,"column":3}},"loc":{"start":{"line":13,"column":47},"end":{"line":59,"column":3}},"line":13},"2":{"name":"(anonymous_2)","decl":{"start":{"line":18,"column":30},"end":{"line":18,"column":31}},"loc":{"start":{"line":18,"column":36},"end":{"line":50,"column":5}},"line":18},"3":{"name":"(anonymous_3)","decl":{"start":{"line":61,"column":2},"end":{"line":61,"column":3}},"loc":{"start":{"line":61,"column":51},"end":{"line":132,"column":3}},"line":61},"4":{"name":"(anonymous_4)","decl":{"start":{"line":66,"column":30},"end":{"line":66,"column":31}},"loc":{"start":{"line":66,"column":36},"end":{"line":123,"column":5}},"line":66},"5":{"name":"(anonymous_5)","decl":{"start":{"line":134,"column":2},"end":{"line":134,"column":3}},"loc":{"start":{"line":134,"column":29},"end":{"line":173,"column":3}},"line":134},"6":{"name":"(anonymous_6)","decl":{"start":{"line":139,"column":30},"end":{"line":139,"column":31}},"loc":{"start":{"line":139,"column":36},"end":{"line":164,"column":5}},"line":139},"7":{"name":"(anonymous_7)","decl":{"start":{"line":175,"column":2},"end":{"line":175,"column":3}},"loc":{"start":{"line":175,"column":41},"end":{"line":206,"column":3}},"line":175},"8":{"name":"(anonymous_8)","decl":{"start":{"line":180,"column":30},"end":{"line":180,"column":31}},"loc":{"start":{"line":180,"column":36},"end":{"line":197,"column":5}},"line":180},"9":{"name":"(anonymous_9)","decl":{"start":{"line":208,"column":2},"end":{"line":208,"column":3}},"loc":{"start":{"line":208,"column":25},"end":{"line":218,"column":3}},"line":208},"10":{"name":"(anonymous_10)","decl":{"start":{"line":213,"column":45},"end":{"line":213,"column":46}},"loc":{"start":{"line":213,"column":58},"end":{"line":213,"column":90}},"line":213},"11":{"name":"(anonymous_11)","decl":{"start":{"line":220,"column":2},"end":{"line":220,"column":3}},"loc":{"start":{"line":220,"column":28},"end":{"line":246,"column":3}},"line":220},"12":{"name":"(anonymous_12)","decl":{"start":{"line":248,"column":2},"end":{"line":248,"column":3}},"loc":{"start":{"line":248,"column":30},"end":{"line":266,"column":3}},"line":248},"13":{"name":"(anonymous_13)","decl":{"start":{"line":264,"column":37},"end":{"line":264,"column":38}},"loc":{"start":{"line":264,"column":43},"end":{"line":264,"column":63}},"line":264},"14":{"name":"(anonymous_14)","decl":{"start":{"line":268,"column":2},"end":{"line":268,"column":3}},"loc":{"start":{"line":268,"column":26},"end":{"line":293,"column":3}},"line":268}},"branchMap":{"0":{"loc":{"start":{"line":9,"column":113},"end":{"line":9,"column":124}},"type":"binary-expr","locations":[{"start":{"line":9,"column":113},"end":{"line":9,"column":119}},{"start":{"line":9,"column":123},"end":{"line":9,"column":124}}],"line":9},"1":{"loc":{"start":{"line":14,"column":4},"end":{"line":16,"column":5}},"type":"if","locations":[{"start":{"line":14,"column":4},"end":{"line":16,"column":5}},{"start":{},"end":{}}],"line":14},"2":{"loc":{"start":{"line":14,"column":8},"end":{"line":14,"column":45}},"type":"binary-expr","locations":[{"start":{"line":14,"column":8},"end":{"line":14,"column":19}},{"start":{"line":14,"column":23},"end":{"line":14,"column":30}},{"start":{"line":14,"column":34},"end":{"line":14,"column":45}}],"line":14},"3":{"loc":{"start":{"line":20,"column":6},"end":{"line":22,"column":7}},"type":"if","locations":[{"start":{"line":20,"column":6},"end":{"line":22,"column":7}},{"start":{},"end":{}}],"line":20},"4":{"loc":{"start":{"line":24,"column":28},"end":{"line":24,"column":46}},"type":"binary-expr","locations":[{"start":{"line":24,"column":28},"end":{"line":24,"column":41}},{"start":{"line":24,"column":45},"end":{"line":24,"column":46}}],"line":24},"5":{"loc":{"start":{"line":30,"column":62},"end":{"line":30,"column":76}},"type":"binary-expr","locations":[{"start":{"line":30,"column":62},"end":{"line":30,"column":68}},{"start":{"line":30,"column":72},"end":{"line":30,"column":76}}],"line":30},"6":{"loc":{"start":{"line":30,"column":78},"end":{"line":30,"column":110}},"type":"binary-expr","locations":[{"start":{"line":30,"column":78},"end":{"line":30,"column":82}},{"start":{"line":30,"column":86},"end":{"line":30,"column":110}}],"line":30},"7":{"loc":{"start":{"line":35,"column":6},"end":{"line":47,"column":7}},"type":"if","locations":[{"start":{"line":35,"column":6},"end":{"line":47,"column":7}},{"start":{},"end":{}}],"line":35},"8":{"loc":{"start":{"line":37,"column":8},"end":{"line":46,"column":9}},"type":"if","locations":[{"start":{"line":37,"column":8},"end":{"line":46,"column":9}},{"start":{"line":44,"column":15},"end":{"line":46,"column":9}}],"line":37},"9":{"loc":{"start":{"line":61,"column":36},"end":{"line":61,"column":49}},"type":"default-arg","locations":[{"start":{"line":61,"column":45},"end":{"line":61,"column":49}}],"line":61},"10":{"loc":{"start":{"line":62,"column":4},"end":{"line":64,"column":5}},"type":"if","locations":[{"start":{"line":62,"column":4},"end":{"line":64,"column":5}},{"start":{},"end":{}}],"line":62},"11":{"loc":{"start":{"line":62,"column":8},"end":{"line":62,"column":45}},"type":"binary-expr","locations":[{"start":{"line":62,"column":8},"end":{"line":62,"column":19}},{"start":{"line":62,"column":23},"end":{"line":62,"column":30}},{"start":{"line":62,"column":34},"end":{"line":62,"column":45}}],"line":62},"12":{"loc":{"start":{"line":68,"column":6},"end":{"line":70,"column":7}},"type":"if","locations":[{"start":{"line":68,"column":6},"end":{"line":70,"column":7}},{"start":{},"end":{}}],"line":68},"13":{"loc":{"start":{"line":72,"column":28},"end":{"line":72,"column":46}},"type":"binary-expr","locations":[{"start":{"line":72,"column":28},"end":{"line":72,"column":41}},{"start":{"line":72,"column":45},"end":{"line":72,"column":46}}],"line":72},"14":{"loc":{"start":{"line":79,"column":64},"end":{"line":79,"column":116}},"type":"binary-expr","locations":[{"start":{"line":79,"column":64},"end":{"line":79,"column":68}},{"start":{"line":79,"column":72},"end":{"line":79,"column":116}}],"line":79},"15":{"loc":{"start":{"line":79,"column":83},"end":{"line":79,"column":114}},"type":"cond-expr","locations":[{"start":{"line":79,"column":92},"end":{"line":79,"column":109}},{"start":{"line":79,"column":112},"end":{"line":79,"column":114}}],"line":79},"16":{"loc":{"start":{"line":85,"column":70},"end":{"line":85,"column":84}},"type":"binary-expr","locations":[{"start":{"line":85,"column":70},"end":{"line":85,"column":76}},{"start":{"line":85,"column":80},"end":{"line":85,"column":84}}],"line":85},"17":{"loc":{"start":{"line":85,"column":97},"end":{"line":85,"column":149}},"type":"binary-expr","locations":[{"start":{"line":85,"column":97},"end":{"line":85,"column":101}},{"start":{"line":85,"column":105},"end":{"line":85,"column":149}}],"line":85},"18":{"loc":{"start":{"line":85,"column":116},"end":{"line":85,"column":147}},"type":"cond-expr","locations":[{"start":{"line":85,"column":125},"end":{"line":85,"column":142}},{"start":{"line":85,"column":145},"end":{"line":85,"column":147}}],"line":85},"19":{"loc":{"start":{"line":91,"column":6},"end":{"line":120,"column":7}},"type":"if","locations":[{"start":{"line":91,"column":6},"end":{"line":120,"column":7}},{"start":{"line":102,"column":13},"end":{"line":120,"column":7}}],"line":91},"20":{"loc":{"start":{"line":93,"column":8},"end":{"line":101,"column":9}},"type":"if","locations":[{"start":{"line":93,"column":8},"end":{"line":101,"column":9}},{"start":{},"end":{}}],"line":93},"21":{"loc":{"start":{"line":96,"column":25},"end":{"line":96,"column":63}},"type":"cond-expr","locations":[{"start":{"line":96,"column":45},"end":{"line":96,"column":51}},{"start":{"line":96,"column":54},"end":{"line":96,"column":63}}],"line":96},"22":{"loc":{"start":{"line":109,"column":10},"end":{"line":109,"column":36}},"type":"if","locations":[{"start":{"line":109,"column":10},"end":{"line":109,"column":36}},{"start":{},"end":{}}],"line":109},"23":{"loc":{"start":{"line":113,"column":25},"end":{"line":113,"column":63}},"type":"cond-expr","locations":[{"start":{"line":113,"column":45},"end":{"line":113,"column":51}},{"start":{"line":113,"column":54},"end":{"line":113,"column":63}}],"line":113},"24":{"loc":{"start":{"line":135,"column":4},"end":{"line":137,"column":5}},"type":"if","locations":[{"start":{"line":135,"column":4},"end":{"line":137,"column":5}},{"start":{},"end":{}}],"line":135},"25":{"loc":{"start":{"line":141,"column":6},"end":{"line":143,"column":7}},"type":"if","locations":[{"start":{"line":141,"column":6},"end":{"line":143,"column":7}},{"start":{},"end":{}}],"line":141},"26":{"loc":{"start":{"line":146,"column":6},"end":{"line":148,"column":7}},"type":"if","locations":[{"start":{"line":146,"column":6},"end":{"line":148,"column":7}},{"start":{},"end":{}}],"line":146},"27":{"loc":{"start":{"line":151,"column":28},"end":{"line":151,"column":46}},"type":"binary-expr","locations":[{"start":{"line":151,"column":28},"end":{"line":151,"column":41}},{"start":{"line":151,"column":45},"end":{"line":151,"column":46}}],"line":151},"28":{"loc":{"start":{"line":176,"column":4},"end":{"line":178,"column":5}},"type":"if","locations":[{"start":{"line":176,"column":4},"end":{"line":178,"column":5}},{"start":{},"end":{}}],"line":176},"29":{"loc":{"start":{"line":182,"column":6},"end":{"line":184,"column":7}},"type":"if","locations":[{"start":{"line":182,"column":6},"end":{"line":184,"column":7}},{"start":{},"end":{}}],"line":182},"30":{"loc":{"start":{"line":186,"column":28},"end":{"line":186,"column":46}},"type":"binary-expr","locations":[{"start":{"line":186,"column":28},"end":{"line":186,"column":41}},{"start":{"line":186,"column":45},"end":{"line":186,"column":46}}],"line":186},"31":{"loc":{"start":{"line":188,"column":6},"end":{"line":188,"column":45}},"type":"if","locations":[{"start":{"line":188,"column":6},"end":{"line":188,"column":45}},{"start":{},"end":{}}],"line":188},"32":{"loc":{"start":{"line":193,"column":25},"end":{"line":193,"column":64}},"type":"cond-expr","locations":[{"start":{"line":193,"column":38},"end":{"line":193,"column":44}},{"start":{"line":193,"column":47},"end":{"line":193,"column":64}}],"line":193},"33":{"loc":{"start":{"line":193,"column":95},"end":{"line":193,"column":126}},"type":"binary-expr","locations":[{"start":{"line":193,"column":95},"end":{"line":193,"column":101}},{"start":{"line":193,"column":105},"end":{"line":193,"column":126}}],"line":193},"34":{"loc":{"start":{"line":210,"column":4},"end":{"line":210,"column":76}},"type":"if","locations":[{"start":{"line":210,"column":4},"end":{"line":210,"column":76}},{"start":{},"end":{}}],"line":210},"35":{"loc":{"start":{"line":213,"column":65},"end":{"line":213,"column":89}},"type":"binary-expr","locations":[{"start":{"line":213,"column":65},"end":{"line":213,"column":84}},{"start":{"line":213,"column":88},"end":{"line":213,"column":89}}],"line":213},"36":{"loc":{"start":{"line":214,"column":23},"end":{"line":214,"column":41}},"type":"binary-expr","locations":[{"start":{"line":214,"column":23},"end":{"line":214,"column":36}},{"start":{"line":214,"column":40},"end":{"line":214,"column":41}}],"line":214},"37":{"loc":{"start":{"line":220,"column":14},"end":{"line":220,"column":26}},"type":"default-arg","locations":[{"start":{"line":220,"column":24},"end":{"line":220,"column":26}}],"line":220},"38":{"loc":{"start":{"line":233,"column":4},"end":{"line":233,"column":50}},"type":"if","locations":[{"start":{"line":233,"column":4},"end":{"line":233,"column":50}},{"start":{},"end":{}}],"line":233},"39":{"loc":{"start":{"line":234,"column":4},"end":{"line":236,"column":5}},"type":"if","locations":[{"start":{"line":234,"column":4},"end":{"line":236,"column":5}},{"start":{},"end":{}}],"line":234},"40":{"loc":{"start":{"line":239,"column":4},"end":{"line":243,"column":5}},"type":"if","locations":[{"start":{"line":239,"column":4},"end":{"line":243,"column":5}},{"start":{},"end":{}}],"line":239},"41":{"loc":{"start":{"line":242,"column":6},"end":{"line":242,"column":78}},"type":"if","locations":[{"start":{"line":242,"column":6},"end":{"line":242,"column":78}},{"start":{},"end":{}}],"line":242},"42":{"loc":{"start":{"line":250,"column":4},"end":{"line":250,"column":31}},"type":"if","locations":[{"start":{"line":250,"column":4},"end":{"line":250,"column":31}},{"start":{},"end":{}}],"line":250},"43":{"loc":{"start":{"line":263,"column":17},"end":{"line":263,"column":35}},"type":"binary-expr","locations":[{"start":{"line":263,"column":17},"end":{"line":263,"column":30}},{"start":{"line":263,"column":34},"end":{"line":263,"column":35}}],"line":263},"44":{"loc":{"start":{"line":270,"column":4},"end":{"line":270,"column":27}},"type":"if","locations":[{"start":{"line":270,"column":4},"end":{"line":270,"column":27}},{"start":{},"end":{}}],"line":270},"45":{"loc":{"start":{"line":280,"column":22},"end":{"line":280,"column":59}},"type":"cond-expr","locations":[{"start":{"line":280,"column":34},"end":{"line":280,"column":55}},{"start":{"line":280,"column":58},"end":{"line":280,"column":59}}],"line":280},"46":{"loc":{"start":{"line":281,"column":22},"end":{"line":281,"column":73}},"type":"cond-expr","locations":[{"start":{"line":281,"column":34},"end":{"line":281,"column":60}},{"start":{"line":281,"column":63},"end":{"line":281,"column":73}}],"line":281},"47":{"loc":{"start":{"line":289,"column":20},"end":{"line":291,"column":11}},"type":"cond-expr","locations":[{"start":{"line":290,"column":11},"end":{"line":290,"column":97}},{"start":{"line":291,"column":10},"end":{"line":291,"column":11}}],"line":289},"48":{"loc":{"start":{"line":290,"column":11},"end":{"line":290,"column":97}},"type":"binary-expr","locations":[{"start":{"line":290,"column":11},"end":{"line":290,"column":92}},{"start":{"line":290,"column":96},"end":{"line":290,"column":97}}],"line":290}},"s":{"0":1,"1":1,"2":0,"3":3,"4":3,"5":0,"6":0,"7":0,"8":0,"9":0,"10":0,"11":0,"12":0,"13":0,"14":0,"15":0,"16":0,"17":0,"18":0,"19":0,"20":0,"21":0,"22":0,"23":0,"24":0,"25":0,"26":0,"27":2,"28":2,"29":0,"30":0,"31":0,"32":0,"33":0,"34":0,"35":0,"36":0,"37":0,"38":0,"39":0,"40":0,"41":0,"42":0,"43":0,"44":0,"45":0,"46":0,"47":0,"48":0,"49":0,"50":0,"51":0,"52":0,"53":0,"54":0,"55":0,"56":0,"57":0,"58":0,"59":0,"60":0,"61":0,"62":0,"63":0,"64":0,"65":0,"66":0,"67":0,"68":0,"69":0,"70":1,"71":1,"72":0,"73":0,"74":0,"75":0,"76":0,"77":0,"78":0,"79":0,"80":0,"81":0,"82":0,"83":0,"84":0,"85":0,"86":0,"87":0,"88":0,"89":0,"90":0,"91":0,"92":1,"93":1,"94":0,"95":0,"96":0,"97":0,"98":0,"99":0,"100":0,"101":0,"102":0,"103":0,"104":0,"105":0,"106":0,"107":0,"108":0,"109":0,"110":1,"111":1,"112":1,"113":0,"114":0,"115":0,"116":0,"117":0,"118":0,"119":2,"120":2,"121":2,"122":1,"123":2,"124":0,"125":2,"126":2,"127":0,"128":0,"129":0,"130":0,"131":0,"132":2,"133":1,"134":1,"135":1,"136":0,"137":0,"138":0,"139":0,"140":0,"141":0,"142":0,"143":0,"144":0,"145":0,"146":0,"147":0,"148":0,"149":1},"f":{"0":0,"1":3,"2":0,"3":2,"4":0,"5":1,"6":0,"7":1,"8":0,"9":1,"10":0,"11":2,"12":1,"13":0,"14":0},"b":{"0":[0,0],"1":[3,0],"2":[3,2,1],"3":[0,0],"4":[0,0],"5":[0,0],"6":[0,0],"7":[0,0],"8":[0,0],"9":[2],"10":[2,0],"11":[2,1,1],"12":[0,0],"13":[0,0],"14":[0,0],"15":[0,0],"16":[0,0],"17":[0,0],"18":[0,0],"19":[0,0],"20":[0,0],"21":[0,0],"22":[0,0],"23":[0,0],"24":[1,0],"25":[0,0],"26":[0,0],"27":[0,0],"28":[1,0],"29":[0,0],"30":[0,0],"31":[0,0],"32":[0,0],"33":[0,0],"34":[1,0],"35":[0,0],"36":[0,0],"37":[1],"38":[1,1],"39":[0,2],"40":[0,2],"41":[0,0],"42":[1,0],"43":[0,0],"44":[0,0],"45":[0,0],"46":[0,0],"47":[0,0],"48":[0,0]},"_coverageSchema":"1a1c01bbd47fc00a2c39e90264f33305004495a9","hash":"d4e89a50de94006f6fb3e39e95981149f74b6343"}
,"D:\\Beer\\src\\services\\InventoryService.js": {"path":"D:\\Beer\\src\\services\\InventoryService.js","statementMap":{"0":{"start":{"line":4,"column":11},"end":{"line":4,"column":36}},"1":{"start":{"line":5,"column":15},"end":{"line":5,"column":41}},"2":{"start":{"line":9,"column":21},"end":{"line":12,"column":12}},"3":{"start":{"line":14,"column":23},"end":{"line":14,"column":88}},"4":{"start":{"line":14,"column":51},"end":{"line":14,"column":84}},"5":{"start":{"line":15,"column":25},"end":{"line":15,"column":85}},"6":{"start":{"line":15,"column":53},"end":{"line":15,"column":81}},"7":{"start":{"line":17,"column":4},"end":{"line":17,"column":50}},"8":{"start":{"line":21,"column":28},"end":{"line":21,"column":32}},"9":{"start":{"line":22,"column":4},"end":{"line":24,"column":5}},"10":{"start":{"line":23,"column":6},"end":{"line":23,"column":58}},"11":{"start":{"line":26,"column":22},"end":{"line":26,"column":23}},"12":{"start":{"line":27,"column":25},"end":{"line":57,"column":6}},"13":{"start":{"line":28,"column":19},"end":{"line":28,"column":41}},"14":{"start":{"line":29,"column":21},"end":{"line":31,"column":30}},"15":{"start":{"line":32,"column":25},"end":{"line":32,"column":47}},"16":{"start":{"line":34,"column":6},"end":{"line":52,"column":7}},"17":{"start":{"line":35,"column":24},"end":{"line":35,"column":93}},"18":{"start":{"line":36,"column":8},"end":{"line":36,"column":31}},"19":{"start":{"line":36,"column":22},"end":{"line":36,"column":31}},"20":{"start":{"line":38,"column":27},"end":{"line":38,"column":57}},"21":{"start":{"line":39,"column":8},"end":{"line":39,"column":34}},"22":{"start":{"line":41,"column":8},"end":{"line":44,"column":86}},"23":{"start":{"line":46,"column":8},"end":{"line":46,"column":108}},"24":{"start":{"line":48,"column":8},"end":{"line":51,"column":70}},"25":{"start":{"line":54,"column":6},"end":{"line":54,"column":100}},"26":{"start":{"line":56,"column":6},"end":{"line":56,"column":24}},"27":{"start":{"line":59,"column":23},"end":{"line":59,"column":37}},"28":{"start":{"line":60,"column":4},"end":{"line":60,"column":54}},"29":{"start":{"line":64,"column":0},"end":{"line":64,"column":34}}},"fnMap":{"0":{"name":"(anonymous_0)","decl":{"start":{"line":8,"column":2},"end":{"line":8,"column":3}},"loc":{"start":{"line":8,"column":20},"end":{"line":18,"column":3}},"line":8},"1":{"name":"(anonymous_1)","decl":{"start":{"line":14,"column":39},"end":{"line":14,"column":40}},"loc":{"start":{"line":14,"column":51},"end":{"line":14,"column":84}},"line":14},"2":{"name":"(anonymous_2)","decl":{"start":{"line":15,"column":41},"end":{"line":15,"column":42}},"loc":{"start":{"line":15,"column":53},"end":{"line":15,"column":81}},"line":15},"3":{"name":"(anonymous_3)","decl":{"start":{"line":20,"column":2},"end":{"line":20,"column":3}},"loc":{"start":{"line":20,"column":15},"end":{"line":61,"column":3}},"line":20},"4":{"name":"(anonymous_4)","decl":{"start":{"line":27,"column":40},"end":{"line":27,"column":41}},"loc":{"start":{"line":27,"column":46},"end":{"line":57,"column":5}},"line":27}},"branchMap":{"0":{"loc":{"start":{"line":14,"column":58},"end":{"line":14,"column":83}},"type":"cond-expr","locations":[{"start":{"line":14,"column":72},"end":{"line":14,"column":79}},{"start":{"line":14,"column":82},"end":{"line":14,"column":83}}],"line":14},"1":{"loc":{"start":{"line":15,"column":60},"end":{"line":15,"column":80}},"type":"binary-expr","locations":[{"start":{"line":15,"column":60},"end":{"line":15,"column":75}},{"start":{"line":15,"column":79},"end":{"line":15,"column":80}}],"line":15},"2":{"loc":{"start":{"line":22,"column":4},"end":{"line":24,"column":5}},"type":"if","locations":[{"start":{"line":22,"column":4},"end":{"line":24,"column":5}},{"start":{},"end":{}}],"line":22},"3":{"loc":{"start":{"line":22,"column":8},"end":{"line":22,"column":36}},"type":"binary-expr","locations":[{"start":{"line":22,"column":8},"end":{"line":22,"column":14}},{"start":{"line":22,"column":18},"end":{"line":22,"column":36}}],"line":22},"4":{"loc":{"start":{"line":31,"column":19},"end":{"line":31,"column":29}},"type":"binary-expr","locations":[{"start":{"line":31,"column":19},"end":{"line":31,"column":23}},{"start":{"line":31,"column":27},"end":{"line":31,"column":29}}],"line":31},"5":{"loc":{"start":{"line":36,"column":8},"end":{"line":36,"column":31}},"type":"if","locations":[{"start":{"line":36,"column":8},"end":{"line":36,"column":31}},{"start":{},"end":{}}],"line":36},"6":{"loc":{"start":{"line":51,"column":58},"end":{"line":51,"column":68}},"type":"binary-expr","locations":[{"start":{"line":51,"column":58},"end":{"line":51,"column":62}},{"start":{"line":51,"column":66},"end":{"line":51,"column":68}}],"line":51}},"s":{"0":1,"1":1,"2":3,"3":3,"4":3,"5":3,"6":3,"7":3,"8":3,"9":3,"10":3,"11":0,"12":0,"13":0,"14":0,"15":0,"16":0,"17":0,"18":0,"19":0,"20":0,"21":0,"22":0,"23":0,"24":0,"25":0,"26":0,"27":0,"28":0,"29":1},"f":{"0":3,"1":3,"2":3,"3":3,"4":0},"b":{"0":[2,1],"1":[3,2],"2":[3,0],"3":[3,1],"4":[0,0],"5":[0,0],"6":[0,0]},"_coverageSchema":"1a1c01bbd47fc00a2c39e90264f33305004495a9","hash":"d40207fc470ef7440d6137cc5c218abc629e7135"}
,"D:\\Beer\\src\\services\\SaleService.js": {"path":"D:\\Beer\\src\\services\\SaleService.js","statementMap":{"0":{"start":{"line":4,"column":11},"end":{"line":4,"column":36}},"1":{"start":{"line":5,"column":15},"end":{"line":5,"column":41}},"2":{"start":{"line":8,"column":2},"end":{"line":8,"column":126}},"3":{"start":{"line":13,"column":4},"end":{"line":13,"column":32}},"4":{"start":{"line":17,"column":67},"end":{"line":17,"column":71}},"5":{"start":{"line":19,"column":19},"end":{"line":19,"column":48}},"6":{"start":{"line":20,"column":4},"end":{"line":22,"column":5}},"7":{"start":{"line":21,"column":6},"end":{"line":21,"column":40}},"8":{"start":{"line":24,"column":23},"end":{"line":24,"column":43}},"9":{"start":{"line":25,"column":21},"end":{"line":25,"column":97}},"10":{"start":{"line":27,"column":16},"end":{"line":27,"column":17}},"11":{"start":{"line":28,"column":17},"end":{"line":28,"column":18}},"12":{"start":{"line":29,"column":22},"end":{"line":29,"column":24}},"13":{"start":{"line":31,"column":4},"end":{"line":54,"column":5}},"14":{"start":{"line":32,"column":22},"end":{"line":32,"column":80}},"15":{"start":{"line":33,"column":6},"end":{"line":35,"column":7}},"16":{"start":{"line":34,"column":8},"end":{"line":34,"column":110}},"17":{"start":{"line":37,"column":20},"end":{"line":37,"column":62}},"18":{"start":{"line":38,"column":24},"end":{"line":38,"column":47}},"19":{"start":{"line":39,"column":25},"end":{"line":39,"column":60}},"20":{"start":{"line":41,"column":6},"end":{"line":41,"column":37}},"21":{"start":{"line":42,"column":6},"end":{"line":42,"column":27}},"22":{"start":{"line":44,"column":6},"end":{"line":53,"column":9}},"23":{"start":{"line":56,"column":24},"end":{"line":56,"column":103}},"24":{"start":{"line":56,"column":46},"end":{"line":56,"column":62}},"25":{"start":{"line":56,"column":83},"end":{"line":56,"column":99}},"26":{"start":{"line":57,"column":29},"end":{"line":57,"column":72}},"27":{"start":{"line":59,"column":24},"end":{"line":59,"column":25}},"28":{"start":{"line":60,"column":4},"end":{"line":64,"column":5}},"29":{"start":{"line":61,"column":23},"end":{"line":61,"column":99}},"30":{"start":{"line":62,"column":29},"end":{"line":62,"column":64}},"31":{"start":{"line":63,"column":6},"end":{"line":63,"column":69}},"32":{"start":{"line":66,"column":23},"end":{"line":95,"column":6}},"33":{"start":{"line":67,"column":23},"end":{"line":67,"column":45}},"34":{"start":{"line":68,"column":21},"end":{"line":71,"column":94}},"35":{"start":{"line":72,"column":21},"end":{"line":72,"column":43}},"36":{"start":{"line":74,"column":6},"end":{"line":74,"column":59}},"37":{"start":{"line":74,"column":19},"end":{"line":74,"column":59}},"38":{"start":{"line":76,"column":6},"end":{"line":78,"column":7}},"39":{"start":{"line":77,"column":8},"end":{"line":77,"column":118}},"40":{"start":{"line":80,"column":6},"end":{"line":86,"column":7}},"41":{"start":{"line":81,"column":8},"end":{"line":81,"column":108}},"42":{"start":{"line":82,"column":8},"end":{"line":85,"column":125}},"43":{"start":{"line":88,"column":6},"end":{"line":90,"column":7}},"44":{"start":{"line":89,"column":8},"end":{"line":89,"column":81}},"45":{"start":{"line":92,"column":6},"end":{"line":92,"column":31}},"46":{"start":{"line":94,"column":6},"end":{"line":94,"column":20}},"47":{"start":{"line":97,"column":19},"end":{"line":97,"column":31}},"48":{"start":{"line":98,"column":4},"end":{"line":98,"column":52}},"49":{"start":{"line":102,"column":19},"end":{"line":102,"column":21}},"50":{"start":{"line":103,"column":4},"end":{"line":114,"column":5}},"51":{"start":{"line":104,"column":6},"end":{"line":104,"column":46}},"52":{"start":{"line":106,"column":6},"end":{"line":113,"column":9}},"53":{"start":{"line":107,"column":8},"end":{"line":109,"column":9}},"54":{"start":{"line":108,"column":10},"end":{"line":108,"column":66}},"55":{"start":{"line":110,"column":8},"end":{"line":112,"column":9}},"56":{"start":{"line":111,"column":10},"end":{"line":111,"column":66}},"57":{"start":{"line":115,"column":4},"end":{"line":115,"column":18}},"58":{"start":{"line":119,"column":21},"end":{"line":119,"column":32}},"59":{"start":{"line":120,"column":4},"end":{"line":122,"column":5}},"60":{"start":{"line":121,"column":6},"end":{"line":121,"column":43}},"61":{"start":{"line":124,"column":16},"end":{"line":124,"column":18}},"62":{"start":{"line":125,"column":21},"end":{"line":125,"column":63}},"63":{"start":{"line":126,"column":4},"end":{"line":129,"column":7}},"64":{"start":{"line":127,"column":6},"end":{"line":127,"column":20}},"65":{"start":{"line":128,"column":6},"end":{"line":128,"column":34}},"66":{"start":{"line":128,"column":18},"end":{"line":128,"column":34}},"67":{"start":{"line":131,"column":4},"end":{"line":131,"column":39}},"68":{"start":{"line":132,"column":4},"end":{"line":132,"column":15}},"69":{"start":{"line":136,"column":21},"end":{"line":136,"column":44}},"70":{"start":{"line":137,"column":4},"end":{"line":139,"column":5}},"71":{"start":{"line":138,"column":6},"end":{"line":138,"column":43}},"72":{"start":{"line":141,"column":17},"end":{"line":141,"column":19}},"73":{"start":{"line":142,"column":19},"end":{"line":142,"column":21}},"74":{"start":{"line":143,"column":19},"end":{"line":145,"column":22}},"75":{"start":{"line":147,"column":4},"end":{"line":150,"column":7}},"76":{"start":{"line":148,"column":6},"end":{"line":148,"column":53}},"77":{"start":{"line":148,"column":24},"end":{"line":148,"column":53}},"78":{"start":{"line":149,"column":6},"end":{"line":149,"column":59}},"79":{"start":{"line":149,"column":26},"end":{"line":149,"column":59}},"80":{"start":{"line":152,"column":19},"end":{"line":152,"column":35}},"81":{"start":{"line":153,"column":4},"end":{"line":153,"column":42}},"82":{"start":{"line":154,"column":4},"end":{"line":154,"column":18}},"83":{"start":{"line":158,"column":4},"end":{"line":160,"column":5}},"84":{"start":{"line":159,"column":6},"end":{"line":159,"column":39}},"85":{"start":{"line":161,"column":4},"end":{"line":163,"column":5}},"86":{"start":{"line":162,"column":6},"end":{"line":162,"column":43}},"87":{"start":{"line":164,"column":4},"end":{"line":164,"column":52}},"88":{"start":{"line":168,"column":4},"end":{"line":170,"column":44}},"89":{"start":{"line":174,"column":22},"end":{"line":174,"column":70}},"90":{"start":{"line":175,"column":20},"end":{"line":175,"column":96}},"91":{"start":{"line":176,"column":4},"end":{"line":178,"column":39}},"92":{"start":{"line":182,"column":4},"end":{"line":182,"column":28}},"93":{"start":{"line":186,"column":0},"end":{"line":186,"column":29}}},"fnMap":{"0":{"name":"formatCurrency","decl":{"start":{"line":7,"column":9},"end":{"line":7,"column":23}},"loc":{"start":{"line":7,"column":32},"end":{"line":9,"column":1}},"line":7},"1":{"name":"(anonymous_1)","decl":{"start":{"line":12,"column":2},"end":{"line":12,"column":3}},"loc":{"start":{"line":12,"column":16},"end":{"line":14,"column":3}},"line":12},"2":{"name":"(anonymous_2)","decl":{"start":{"line":16,"column":2},"end":{"line":16,"column":3}},"loc":{"start":{"line":16,"column":15},"end":{"line":99,"column":3}},"line":16},"3":{"name":"(anonymous_3)","decl":{"start":{"line":56,"column":41},"end":{"line":56,"column":42}},"loc":{"start":{"line":56,"column":46},"end":{"line":56,"column":62}},"line":56},"4":{"name":"(anonymous_4)","decl":{"start":{"line":56,"column":71},"end":{"line":56,"column":72}},"loc":{"start":{"line":56,"column":83},"end":{"line":56,"column":99}},"line":56},"5":{"name":"(anonymous_5)","decl":{"start":{"line":66,"column":38},"end":{"line":66,"column":39}},"loc":{"start":{"line":66,"column":44},"end":{"line":95,"column":5}},"line":66},"6":{"name":"(anonymous_6)","decl":{"start":{"line":101,"column":2},"end":{"line":101,"column":3}},"loc":{"start":{"line":101,"column":27},"end":{"line":116,"column":3}},"line":101},"7":{"name":"(anonymous_7)","decl":{"start":{"line":106,"column":25},"end":{"line":106,"column":26}},"loc":{"start":{"line":106,"column":38},"end":{"line":113,"column":7}},"line":106},"8":{"name":"(anonymous_8)","decl":{"start":{"line":118,"column":2},"end":{"line":118,"column":3}},"loc":{"start":{"line":118,"column":18},"end":{"line":133,"column":3}},"line":118},"9":{"name":"(anonymous_9)","decl":{"start":{"line":126,"column":21},"end":{"line":126,"column":22}},"loc":{"start":{"line":126,"column":26},"end":{"line":129,"column":5}},"line":126},"10":{"name":"(anonymous_10)","decl":{"start":{"line":135,"column":2},"end":{"line":135,"column":3}},"loc":{"start":{"line":135,"column":34},"end":{"line":155,"column":3}},"line":135},"11":{"name":"(anonymous_11)","decl":{"start":{"line":147,"column":19},"end":{"line":147,"column":20}},"loc":{"start":{"line":147,"column":24},"end":{"line":150,"column":5}},"line":147},"12":{"name":"(anonymous_12)","decl":{"start":{"line":157,"column":2},"end":{"line":157,"column":3}},"loc":{"start":{"line":157,"column":40},"end":{"line":165,"column":3}},"line":157},"13":{"name":"(anonymous_13)","decl":{"start":{"line":167,"column":2},"end":{"line":167,"column":3}},"loc":{"start":{"line":167,"column":61},"end":{"line":171,"column":3}},"line":167},"14":{"name":"(anonymous_14)","decl":{"start":{"line":173,"column":2},"end":{"line":173,"column":3}},"loc":{"start":{"line":173,"column":22},"end":{"line":179,"column":3}},"line":173},"15":{"name":"(anonymous_15)","decl":{"start":{"line":181,"column":2},"end":{"line":181,"column":3}},"loc":{"start":{"line":181,"column":15},"end":{"line":183,"column":3}},"line":181}},"branchMap":{"0":{"loc":{"start":{"line":8,"column":113},"end":{"line":8,"column":124}},"type":"binary-expr","locations":[{"start":{"line":8,"column":113},"end":{"line":8,"column":119}},{"start":{"line":8,"column":123},"end":{"line":8,"column":124}}],"line":8},"1":{"loc":{"start":{"line":17,"column":31},"end":{"line":17,"column":46}},"type":"default-arg","locations":[{"start":{"line":17,"column":45},"end":{"line":17,"column":46}}],"line":17},"2":{"loc":{"start":{"line":17,"column":48},"end":{"line":17,"column":62}},"type":"default-arg","locations":[{"start":{"line":17,"column":61},"end":{"line":17,"column":62}}],"line":17},"3":{"loc":{"start":{"line":20,"column":4},"end":{"line":22,"column":5}},"type":"if","locations":[{"start":{"line":20,"column":4},"end":{"line":22,"column":5}},{"start":{},"end":{}}],"line":20},"4":{"loc":{"start":{"line":25,"column":21},"end":{"line":25,"column":97}},"type":"cond-expr","locations":[{"start":{"line":25,"column":34},"end":{"line":25,"column":70}},{"start":{"line":25,"column":73},"end":{"line":25,"column":97}}],"line":25},"5":{"loc":{"start":{"line":32,"column":22},"end":{"line":32,"column":80}},"type":"binary-expr","locations":[{"start":{"line":32,"column":22},"end":{"line":32,"column":48}},{"start":{"line":32,"column":52},"end":{"line":32,"column":80}}],"line":32},"6":{"loc":{"start":{"line":33,"column":6},"end":{"line":35,"column":7}},"type":"if","locations":[{"start":{"line":33,"column":6},"end":{"line":35,"column":7}},{"start":{},"end":{}}],"line":33},"7":{"loc":{"start":{"line":34,"column":70},"end":{"line":34,"column":104}},"type":"binary-expr","locations":[{"start":{"line":34,"column":70},"end":{"line":34,"column":84}},{"start":{"line":34,"column":88},"end":{"line":34,"column":104}}],"line":34},"8":{"loc":{"start":{"line":38,"column":24},"end":{"line":38,"column":47}},"type":"binary-expr","locations":[{"start":{"line":38,"column":24},"end":{"line":38,"column":42}},{"start":{"line":38,"column":46},"end":{"line":38,"column":47}}],"line":38},"9":{"loc":{"start":{"line":52,"column":14},"end":{"line":52,"column":35}},"type":"binary-expr","locations":[{"start":{"line":52,"column":14},"end":{"line":52,"column":26}},{"start":{"line":52,"column":30},"end":{"line":52,"column":35}}],"line":52},"10":{"loc":{"start":{"line":57,"column":29},"end":{"line":57,"column":72}},"type":"cond-expr","locations":[{"start":{"line":57,"column":47},"end":{"line":57,"column":58}},{"start":{"line":57,"column":61},"end":{"line":57,"column":72}}],"line":57},"11":{"loc":{"start":{"line":60,"column":4},"end":{"line":64,"column":5}},"type":"if","locations":[{"start":{"line":60,"column":4},"end":{"line":64,"column":5}},{"start":{},"end":{}}],"line":60},"12":{"loc":{"start":{"line":62,"column":29},"end":{"line":62,"column":64}},"type":"cond-expr","locations":[{"start":{"line":62,"column":40},"end":{"line":62,"column":60}},{"start":{"line":62,"column":63},"end":{"line":62,"column":64}}],"line":62},"13":{"loc":{"start":{"line":74,"column":6},"end":{"line":74,"column":59}},"type":"if","locations":[{"start":{"line":74,"column":6},"end":{"line":74,"column":59}},{"start":{},"end":{}}],"line":74},"14":{"loc":{"start":{"line":76,"column":6},"end":{"line":78,"column":7}},"type":"if","locations":[{"start":{"line":76,"column":6},"end":{"line":78,"column":7}},{"start":{},"end":{}}],"line":76},"15":{"loc":{"start":{"line":88,"column":6},"end":{"line":90,"column":7}},"type":"if","locations":[{"start":{"line":88,"column":6},"end":{"line":90,"column":7}},{"start":{},"end":{}}],"line":88},"16":{"loc":{"start":{"line":88,"column":10},"end":{"line":88,"column":68}},"type":"binary-expr","locations":[{"start":{"line":88,"column":10},"end":{"line":88,"column":20}},{"start":{"line":88,"column":25},"end":{"line":88,"column":47}},{"start":{"line":88,"column":51},"end":{"line":88,"column":67}}],"line":88},"17":{"loc":{"start":{"line":103,"column":4},"end":{"line":114,"column":5}},"type":"if","locations":[{"start":{"line":103,"column":4},"end":{"line":114,"column":5}},{"start":{"line":105,"column":11},"end":{"line":114,"column":5}}],"line":103},"18":{"loc":{"start":{"line":103,"column":8},"end":{"line":103,"column":76}},"type":"binary-expr","locations":[{"start":{"line":103,"column":8},"end":{"line":103,"column":19}},{"start":{"line":103,"column":23},"end":{"line":103,"column":49}},{"start":{"line":103,"column":53},"end":{"line":103,"column":76}}],"line":103},"19":{"loc":{"start":{"line":107,"column":8},"end":{"line":109,"column":9}},"type":"if","locations":[{"start":{"line":107,"column":8},"end":{"line":109,"column":9}},{"start":{},"end":{}}],"line":107},"20":{"loc":{"start":{"line":107,"column":12},"end":{"line":107,"column":48}},"type":"binary-expr","locations":[{"start":{"line":107,"column":12},"end":{"line":107,"column":27}},{"start":{"line":107,"column":31},"end":{"line":107,"column":48}}],"line":107},"21":{"loc":{"start":{"line":110,"column":8},"end":{"line":112,"column":9}},"type":"if","locations":[{"start":{"line":110,"column":8},"end":{"line":112,"column":9}},{"start":{},"end":{}}],"line":110},"22":{"loc":{"start":{"line":110,"column":12},"end":{"line":110,"column":48}},"type":"binary-expr","locations":[{"start":{"line":110,"column":12},"end":{"line":110,"column":26}},{"start":{"line":110,"column":30},"end":{"line":110,"column":48}}],"line":110},"23":{"loc":{"start":{"line":120,"column":4},"end":{"line":122,"column":5}},"type":"if","locations":[{"start":{"line":120,"column":4},"end":{"line":122,"column":5}},{"start":{},"end":{}}],"line":120},"24":{"loc":{"start":{"line":128,"column":6},"end":{"line":128,"column":34}},"type":"if","locations":[{"start":{"line":128,"column":6},"end":{"line":128,"column":34}},{"start":{},"end":{}}],"line":128},"25":{"loc":{"start":{"line":137,"column":4},"end":{"line":139,"column":5}},"type":"if","locations":[{"start":{"line":137,"column":4},"end":{"line":139,"column":5}},{"start":{},"end":{}}],"line":137},"26":{"loc":{"start":{"line":148,"column":6},"end":{"line":148,"column":53}},"type":"if","locations":[{"start":{"line":148,"column":6},"end":{"line":148,"column":53}},{"start":{},"end":{}}],"line":148},"27":{"loc":{"start":{"line":149,"column":6},"end":{"line":149,"column":59}},"type":"if","locations":[{"start":{"line":149,"column":6},"end":{"line":149,"column":59}},{"start":{},"end":{}}],"line":149},"28":{"loc":{"start":{"line":158,"column":4},"end":{"line":160,"column":5}},"type":"if","locations":[{"start":{"line":158,"column":4},"end":{"line":160,"column":5}},{"start":{},"end":{}}],"line":158},"29":{"loc":{"start":{"line":161,"column":4},"end":{"line":163,"column":5}},"type":"if","locations":[{"start":{"line":161,"column":4},"end":{"line":163,"column":5}},{"start":{},"end":{}}],"line":161},"30":{"loc":{"start":{"line":161,"column":8},"end":{"line":161,"column":67}},"type":"binary-expr","locations":[{"start":{"line":161,"column":8},"end":{"line":161,"column":20}},{"start":{"line":161,"column":24},"end":{"line":161,"column":67}}],"line":161},"31":{"loc":{"start":{"line":164,"column":11},"end":{"line":164,"column":51}},"type":"binary-expr","locations":[{"start":{"line":164,"column":11},"end":{"line":164,"column":29}},{"start":{"line":164,"column":33},"end":{"line":164,"column":46}},{"start":{"line":164,"column":50},"end":{"line":164,"column":51}}],"line":164}},"s":{"0":1,"1":1,"2":0,"3":13,"4":7,"5":7,"6":7,"7":6,"8":1,"9":1,"10":1,"11":1,"12":1,"13":1,"14":1,"15":1,"16":1,"17":0,"18":0,"19":0,"20":0,"21":0,"22":0,"23":0,"24":0,"25":0,"26":0,"27":0,"28":0,"29":0,"30":0,"31":0,"32":0,"33":0,"34":0,"35":0,"36":0,"37":0,"38":0,"39":0,"40":0,"41":0,"42":0,"43":0,"44":0,"45":0,"46":0,"47":0,"48":0,"49":7,"50":7,"51":3,"52":4,"53":4,"54":1,"55":4,"56":3,"57":7,"58":1,"59":1,"60":0,"61":1,"62":1,"63":1,"64":0,"65":0,"66":0,"67":1,"68":1,"69":1,"70":1,"71":0,"72":1,"73":1,"74":1,"75":1,"76":0,"77":0,"78":0,"79":0,"80":1,"81":1,"82":1,"83":4,"84":1,"85":3,"86":1,"87":2,"88":0,"89":0,"90":0,"91":0,"92":1,"93":1},"f":{"0":0,"1":13,"2":7,"3":0,"4":0,"5":0,"6":7,"7":4,"8":1,"9":0,"10":1,"11":0,"12":4,"13":0,"14":0,"15":1},"b":{"0":[0,0],"1":[7],"2":[7],"3":[6,1],"4":[1,0],"5":[1,1],"6":[1,0],"7":[1,0],"8":[0,0],"9":[0,0],"10":[0,0],"11":[0,0],"12":[0,0],"13":[0,0],"14":[0,0],"15":[0,0],"16":[0,0,0],"17":[3,4],"18":[7,5,5],"19":[1,3],"20":[4,1],"21":[3,1],"22":[4,2],"23":[0,1],"24":[0,0],"25":[0,1],"26":[0,0],"27":[0,0],"28":[1,3],"29":[1,2],"30":[3,3],"31":[2,1,0]},"_coverageSchema":"1a1c01bbd47fc00a2c39e90264f33305004495a9","hash":"f621180c2c6469922dd4335d32e93198ccb6132a"}
,"D:\\Beer\\src\\utils\\logger.js": {"path":"D:\\Beer\\src\\utils\\logger.js","statementMap":{"0":{"start":{"line":5,"column":16},"end":{"line":5,"column":34}},"1":{"start":{"line":6,"column":13},"end":{"line":6,"column":28}},"2":{"start":{"line":7,"column":11},"end":{"line":7,"column":24}},"3":{"start":{"line":9,"column":15},"end":{"line":9,"column":49}},"4":{"start":{"line":12,"column":0},"end":{"line":14,"column":1}},"5":{"start":{"line":13,"column":2},"end":{"line":13,"column":44}},"6":{"start":{"line":16,"column":57},"end":{"line":16,"column":71}},"7":{"start":{"line":19,"column":18},"end":{"line":23,"column":2}},"8":{"start":{"line":20,"column":18},"end":{"line":20,"column":70}},"9":{"start":{"line":21,"column":19},"end":{"line":21,"column":44}},"10":{"start":{"line":22,"column":2},"end":{"line":22,"column":68}},"11":{"start":{"line":25,"column":15},"end":{"line":47,"column":2}},"12":{"start":{"line":50,"column":0},"end":{"line":58,"column":1}},"13":{"start":{"line":51,"column":2},"end":{"line":57,"column":6}},"14":{"start":{"line":60,"column":0},"end":{"line":60,"column":24}}},"fnMap":{"0":{"name":"(anonymous_0)","decl":{"start":{"line":19,"column":25},"end":{"line":19,"column":26}},"loc":{"start":{"line":19,"column":76},"end":{"line":23,"column":1}},"line":19}},"branchMap":{"0":{"loc":{"start":{"line":12,"column":0},"end":{"line":14,"column":1}},"type":"if","locations":[{"start":{"line":12,"column":0},"end":{"line":14,"column":1}},{"start":{},"end":{}}],"line":12},"1":{"loc":{"start":{"line":20,"column":18},"end":{"line":20,"column":70}},"type":"cond-expr","locations":[{"start":{"line":20,"column":45},"end":{"line":20,"column":65}},{"start":{"line":20,"column":68},"end":{"line":20,"column":70}}],"line":20},"2":{"loc":{"start":{"line":21,"column":19},"end":{"line":21,"column":44}},"type":"cond-expr","locations":[{"start":{"line":21,"column":27},"end":{"line":21,"column":39}},{"start":{"line":21,"column":42},"end":{"line":21,"column":44}}],"line":21},"3":{"loc":{"start":{"line":26,"column":9},"end":{"line":26,"column":40}},"type":"binary-expr","locations":[{"start":{"line":26,"column":9},"end":{"line":26,"column":30}},{"start":{"line":26,"column":34},"end":{"line":26,"column":40}}],"line":26},"4":{"loc":{"start":{"line":50,"column":0},"end":{"line":58,"column":1}},"type":"if","locations":[{"start":{"line":50,"column":0},"end":{"line":58,"column":1}},{"start":{},"end":{}}],"line":50}},"s":{"0":3,"1":3,"2":3,"3":3,"4":3,"5":0,"6":3,"7":3,"8":0,"9":0,"10":0,"11":3,"12":3,"13":0,"14":3},"f":{"0":0},"b":{"0":[0,3],"1":[0,0],"2":[0,0],"3":[3,3],"4":[0,3]},"_coverageSchema":"1a1c01bbd47fc00a2c39e90264f33305004495a9","hash":"863241b8c3ceefe9bfc51eda07447b19be418843"}
}
