TN:
SF:middleware\validation.js
FN:4,isValidId
FN:18,isValidDate
FN:27,isPositiveNumber
FN:32,isNonNegativeInt
FN:37,sanitizeString
FN:43,validateIdArray
FN:45,(anonymous_6)
FN:57,(anonymous_7)
FN:58,(anonymous_8)
FN:59,(anonymous_9)
FN:68,(anonymous_10)
FN:69,(anonymous_11)
FN:70,(anonymous_12)
FN:71,(anonymous_13)
FN:72,(anonymous_14)
FN:81,(anonymous_15)
FN:82,(anonymous_16)
FN:83,(anonymous_17)
FN:84,(anonymous_18)
FN:93,(anonymous_19)
FN:95,(anonymous_20)
FN:114,(anonymous_21)
FN:115,(anonymous_22)
FN:116,(anonymous_23)
FN:122,validate
FN:125,(anonymous_25)
FN:128,(anonymous_26)
FNF:27
FNH:10
FNDA:16,isValidId
FNDA:10,isValidDate
FNDA:9,isPositiveNumber
FNDA:5,isNonNegativeInt
FNDA:4,sanitizeString
FNDA:4,validateIdArray
FNDA:5,(anonymous_6)
FNDA:0,(anonymous_7)
FNDA:0,(anonymous_8)
FNDA:0,(anonymous_9)
FNDA:0,(anonymous_10)
FNDA:0,(anonymous_11)
FNDA:0,(anonymous_12)
FNDA:0,(anonymous_13)
FNDA:0,(anonymous_14)
FNDA:0,(anonymous_15)
FNDA:0,(anonymous_16)
FNDA:0,(anonymous_17)
FNDA:0,(anonymous_18)
FNDA:0,(anonymous_19)
FNDA:0,(anonymous_20)
FNDA:0,(anonymous_21)
FNDA:0,(anonymous_22)
FNDA:0,(anonymous_23)
FNDA:3,validate
FNDA:1,(anonymous_25)
FNDA:2,(anonymous_26)
DA:5,16
DA:6,11
DA:7,4
DA:8,4
DA:9,4
DA:11,3
DA:12,3
DA:14,0
DA:19,10
DA:20,6
DA:21,6
DA:22,3
DA:23,3
DA:28,9
DA:33,5
DA:38,4
DA:39,2
DA:44,4
DA:45,5
DA:49,1
DA:57,0
DA:58,0
DA:59,0
DA:68,0
DA:69,0
DA:70,0
DA:71,0
DA:72,0
DA:81,0
DA:82,0
DA:83,0
DA:84,0
DA:93,0
DA:95,0
DA:114,0
DA:115,0
DA:116,0
DA:123,3
DA:124,3
DA:125,1
DA:128,2
DA:129,2
DA:130,2
DA:133,2
DA:134,4
DA:135,2
DA:140,2
DA:141,2
DA:142,10
DA:143,2
DA:144,0
DA:150,2
DA:151,1
DA:154,1
DA:158,1
LF:55
LH:36
BRDA:5,0,0,5
BRDA:5,0,1,11
BRDA:6,1,0,7
BRDA:6,1,1,4
BRDA:7,2,0,4
BRDA:7,2,1,0
BRDA:9,3,0,1
BRDA:9,3,1,3
BRDA:12,4,0,3
BRDA:12,4,1,3
BRDA:19,5,0,4
BRDA:19,5,1,6
BRDA:19,6,0,10
BRDA:19,6,1,8
BRDA:21,7,0,3
BRDA:21,7,1,3
BRDA:23,8,0,3
BRDA:23,8,1,3
BRDA:28,9,0,9
BRDA:28,9,1,9
BRDA:28,9,2,6
BRDA:33,10,0,5
BRDA:33,10,1,4
BRDA:37,11,0,4
BRDA:38,12,0,2
BRDA:38,12,1,2
BRDA:44,13,0,3
BRDA:44,13,1,1
BRDA:44,14,0,4
BRDA:44,14,1,2
BRDA:57,15,0,0
BRDA:57,15,1,0
BRDA:58,16,0,0
BRDA:58,16,1,0
BRDA:59,17,0,0
BRDA:59,17,1,0
BRDA:68,18,0,0
BRDA:68,18,1,0
BRDA:68,18,2,0
BRDA:69,19,0,0
BRDA:69,19,1,0
BRDA:69,19,2,0
BRDA:70,20,0,0
BRDA:70,20,1,0
BRDA:71,21,0,0
BRDA:71,21,1,0
BRDA:72,22,0,0
BRDA:72,22,1,0
BRDA:81,23,0,0
BRDA:81,23,1,0
BRDA:81,23,2,0
BRDA:82,24,0,0
BRDA:82,24,1,0
BRDA:83,25,0,0
BRDA:83,25,1,0
BRDA:84,26,0,0
BRDA:84,26,1,0
BRDA:93,27,0,0
BRDA:93,27,1,0
BRDA:95,28,0,0
BRDA:95,28,1,0
BRDA:114,29,0,0
BRDA:114,29,1,0
BRDA:115,30,0,0
BRDA:115,30,1,0
BRDA:115,30,2,0
BRDA:122,31,0,3
BRDA:124,32,0,1
BRDA:124,32,1,2
BRDA:129,33,0,0
BRDA:129,33,1,2
BRDA:134,34,0,2
BRDA:134,34,1,2
BRDA:134,35,0,4
BRDA:134,35,1,2
BRDA:134,35,2,2
BRDA:140,36,0,2
BRDA:140,36,1,0
BRDA:142,37,0,2
BRDA:142,37,1,8
BRDA:142,38,0,10
BRDA:142,38,1,2
BRDA:143,39,0,0
BRDA:143,39,1,2
BRDA:150,40,0,1
BRDA:150,40,1,1
BRF:86
BRH:46
end_of_record
TN:
SF:src\services\DebtService.js
FN:8,formatCurrency
FN:13,(anonymous_1)
FN:18,(anonymous_2)
FN:61,(anonymous_3)
FN:66,(anonymous_4)
FN:134,(anonymous_5)
FN:139,(anonymous_6)
FN:175,(anonymous_7)
FN:180,(anonymous_8)
FN:208,(anonymous_9)
FN:213,(anonymous_10)
FN:220,(anonymous_11)
FN:248,(anonymous_12)
FN:264,(anonymous_13)
FN:268,(anonymous_14)
FNF:15
FNH:7
FNDA:0,formatCurrency
FNDA:3,(anonymous_1)
FNDA:0,(anonymous_2)
FNDA:2,(anonymous_3)
FNDA:0,(anonymous_4)
FNDA:1,(anonymous_5)
FNDA:0,(anonymous_6)
FNDA:1,(anonymous_7)
FNDA:0,(anonymous_8)
FNDA:1,(anonymous_9)
FNDA:0,(anonymous_10)
FNDA:2,(anonymous_11)
FNDA:1,(anonymous_12)
FNDA:0,(anonymous_13)
FNDA:0,(anonymous_14)
DA:5,1
DA:6,1
DA:9,0
DA:14,3
DA:15,3
DA:18,0
DA:19,0
DA:20,0
DA:21,0
DA:24,0
DA:25,0
DA:27,0
DA:32,0
DA:34,0
DA:35,0
DA:36,0
DA:37,0
DA:38,0
DA:42,0
DA:43,0
DA:45,0
DA:49,0
DA:52,0
DA:53,0
DA:54,0
DA:56,0
DA:57,0
DA:62,2
DA:63,2
DA:66,0
DA:67,0
DA:68,0
DA:69,0
DA:72,0
DA:73,0
DA:74,0
DA:76,0
DA:80,0
DA:82,0
DA:86,0
DA:88,0
DA:90,0
DA:91,0
DA:92,0
DA:93,0
DA:94,0
DA:95,0
DA:96,0
DA:97,0
DA:99,0
DA:100,0
DA:103,0
DA:107,0
DA:108,0
DA:109,0
DA:110,0
DA:111,0
DA:112,0
DA:113,0
DA:114,0
DA:116,0
DA:117,0
DA:118,0
DA:122,0
DA:125,0
DA:126,0
DA:127,0
DA:129,0
DA:130,0
DA:135,1
DA:136,1
DA:139,0
DA:140,0
DA:141,0
DA:142,0
DA:145,0
DA:146,0
DA:147,0
DA:150,0
DA:151,0
DA:152,0
DA:154,0
DA:159,0
DA:160,0
DA:161,0
DA:163,0
DA:166,0
DA:167,0
DA:168,0
DA:170,0
DA:171,0
DA:176,1
DA:177,1
DA:180,0
DA:181,0
DA:182,0
DA:183,0
DA:186,0
DA:187,0
DA:188,0
DA:190,0
DA:195,0
DA:196,0
DA:199,0
DA:200,0
DA:201,0
DA:203,0
DA:204,0
DA:209,1
DA:210,1
DA:212,0
DA:213,0
DA:214,0
DA:215,0
DA:217,0
DA:221,2
DA:232,2
DA:233,2
DA:234,2
DA:235,0
DA:237,2
DA:239,2
DA:240,0
DA:241,0
DA:242,0
DA:245,2
DA:249,1
DA:250,1
DA:252,0
DA:253,0
DA:254,0
DA:258,0
DA:264,0
DA:269,0
DA:270,0
DA:272,0
DA:273,0
DA:280,0
DA:281,0
DA:283,0
DA:296,1
LF:141
LH:22
BRDA:9,0,0,0
BRDA:9,0,1,0
BRDA:14,1,0,3
BRDA:14,1,1,0
BRDA:14,2,0,3
BRDA:14,2,1,2
BRDA:14,2,2,1
BRDA:20,3,0,0
BRDA:20,3,1,0
BRDA:24,4,0,0
BRDA:24,4,1,0
BRDA:30,5,0,0
BRDA:30,5,1,0
BRDA:30,6,0,0
BRDA:30,6,1,0
BRDA:35,7,0,0
BRDA:35,7,1,0
BRDA:37,8,0,0
BRDA:37,8,1,0
BRDA:61,9,0,2
BRDA:62,10,0,2
BRDA:62,10,1,0
BRDA:62,11,0,2
BRDA:62,11,1,1
BRDA:62,11,2,1
BRDA:68,12,0,0
BRDA:68,12,1,0
BRDA:72,13,0,0
BRDA:72,13,1,0
BRDA:79,14,0,0
BRDA:79,14,1,0
BRDA:79,15,0,0
BRDA:79,15,1,0
BRDA:85,16,0,0
BRDA:85,16,1,0
BRDA:85,17,0,0
BRDA:85,17,1,0
BRDA:85,18,0,0
BRDA:85,18,1,0
BRDA:91,19,0,0
BRDA:91,19,1,0
BRDA:93,20,0,0
BRDA:93,20,1,0
BRDA:96,21,0,0
BRDA:96,21,1,0
BRDA:109,22,0,0
BRDA:109,22,1,0
BRDA:113,23,0,0
BRDA:113,23,1,0
BRDA:135,24,0,1
BRDA:135,24,1,0
BRDA:141,25,0,0
BRDA:141,25,1,0
BRDA:146,26,0,0
BRDA:146,26,1,0
BRDA:151,27,0,0
BRDA:151,27,1,0
BRDA:176,28,0,1
BRDA:176,28,1,0
BRDA:182,29,0,0
BRDA:182,29,1,0
BRDA:186,30,0,0
BRDA:186,30,1,0
BRDA:188,31,0,0
BRDA:188,31,1,0
BRDA:193,32,0,0
BRDA:193,32,1,0
BRDA:193,33,0,0
BRDA:193,33,1,0
BRDA:210,34,0,1
BRDA:210,34,1,0
BRDA:213,35,0,0
BRDA:213,35,1,0
BRDA:214,36,0,0
BRDA:214,36,1,0
BRDA:220,37,0,1
BRDA:233,38,0,1
BRDA:233,38,1,1
BRDA:234,39,0,0
BRDA:234,39,1,2
BRDA:239,40,0,0
BRDA:239,40,1,2
BRDA:242,41,0,0
BRDA:242,41,1,0
BRDA:250,42,0,1
BRDA:250,42,1,0
BRDA:263,43,0,0
BRDA:263,43,1,0
BRDA:270,44,0,0
BRDA:270,44,1,0
BRDA:280,45,0,0
BRDA:280,45,1,0
BRDA:281,46,0,0
BRDA:281,46,1,0
BRDA:289,47,0,0
BRDA:289,47,1,0
BRDA:290,48,0,0
BRDA:290,48,1,0
BRF:98
BRH:18
end_of_record
TN:
SF:src\services\InventoryService.js
FN:8,(anonymous_0)
FN:14,(anonymous_1)
FN:15,(anonymous_2)
FN:20,(anonymous_3)
FN:27,(anonymous_4)
FNF:5
FNH:4
FNDA:3,(anonymous_0)
FNDA:3,(anonymous_1)
FNDA:3,(anonymous_2)
FNDA:3,(anonymous_3)
FNDA:0,(anonymous_4)
DA:4,1
DA:5,1
DA:9,3
DA:14,3
DA:15,3
DA:17,3
DA:21,3
DA:22,3
DA:23,3
DA:26,0
DA:27,0
DA:28,0
DA:29,0
DA:32,0
DA:34,0
DA:35,0
DA:36,0
DA:38,0
DA:39,0
DA:41,0
DA:46,0
DA:48,0
DA:54,0
DA:56,0
DA:59,0
DA:60,0
DA:64,1
LF:27
LH:10
BRDA:14,0,0,2
BRDA:14,0,1,1
BRDA:15,1,0,3
BRDA:15,1,1,2
BRDA:22,2,0,3
BRDA:22,2,1,0
BRDA:22,3,0,3
BRDA:22,3,1,1
BRDA:31,4,0,0
BRDA:31,4,1,0
BRDA:36,5,0,0
BRDA:36,5,1,0
BRDA:51,6,0,0
BRDA:51,6,1,0
BRF:14
BRH:7
end_of_record
TN:
SF:src\services\SaleService.js
FN:7,formatCurrency
FN:12,(anonymous_1)
FN:16,(anonymous_2)
FN:56,(anonymous_3)
FN:56,(anonymous_4)
FN:66,(anonymous_5)
FN:101,(anonymous_6)
FN:106,(anonymous_7)
FN:118,(anonymous_8)
FN:126,(anonymous_9)
FN:135,(anonymous_10)
FN:147,(anonymous_11)
FN:157,(anonymous_12)
FN:167,(anonymous_13)
FN:173,(anonymous_14)
FN:181,(anonymous_15)
FNF:16
FNH:8
FNDA:0,formatCurrency
FNDA:13,(anonymous_1)
FNDA:7,(anonymous_2)
FNDA:0,(anonymous_3)
FNDA:0,(anonymous_4)
FNDA:0,(anonymous_5)
FNDA:7,(anonymous_6)
FNDA:4,(anonymous_7)
FNDA:1,(anonymous_8)
FNDA:0,(anonymous_9)
FNDA:1,(anonymous_10)
FNDA:0,(anonymous_11)
FNDA:4,(anonymous_12)
FNDA:0,(anonymous_13)
FNDA:0,(anonymous_14)
FNDA:1,(anonymous_15)
DA:4,1
DA:5,1
DA:8,0
DA:13,13
DA:17,7
DA:19,7
DA:20,7
DA:21,6
DA:24,1
DA:25,1
DA:27,1
DA:28,1
DA:29,1
DA:31,1
DA:32,1
DA:33,1
DA:34,1
DA:37,0
DA:38,0
DA:39,0
DA:41,0
DA:42,0
DA:44,0
DA:56,0
DA:57,0
DA:59,0
DA:60,0
DA:61,0
DA:62,0
DA:63,0
DA:66,0
DA:67,0
DA:68,0
DA:72,0
DA:74,0
DA:76,0
DA:77,0
DA:80,0
DA:81,0
DA:82,0
DA:88,0
DA:89,0
DA:92,0
DA:94,0
DA:97,0
DA:98,0
DA:102,7
DA:103,7
DA:104,3
DA:106,4
DA:107,4
DA:108,1
DA:110,4
DA:111,3
DA:115,7
DA:119,1
DA:120,1
DA:121,0
DA:124,1
DA:125,1
DA:126,1
DA:127,0
DA:128,0
DA:131,1
DA:132,1
DA:136,1
DA:137,1
DA:138,0
DA:141,1
DA:142,1
DA:143,1
DA:147,1
DA:148,0
DA:149,0
DA:152,1
DA:153,1
DA:154,1
DA:158,4
DA:159,1
DA:161,3
DA:162,1
DA:164,2
DA:168,0
DA:174,0
DA:175,0
DA:176,0
DA:182,1
DA:186,1
LF:88
LH:48
BRDA:8,0,0,0
BRDA:8,0,1,0
BRDA:17,1,0,7
BRDA:17,2,0,7
BRDA:20,3,0,6
BRDA:20,3,1,1
BRDA:25,4,0,1
BRDA:25,4,1,0
BRDA:32,5,0,1
BRDA:32,5,1,1
BRDA:33,6,0,1
BRDA:33,6,1,0
BRDA:34,7,0,1
BRDA:34,7,1,0
BRDA:38,8,0,0
BRDA:38,8,1,0
BRDA:52,9,0,0
BRDA:52,9,1,0
BRDA:57,10,0,0
BRDA:57,10,1,0
BRDA:60,11,0,0
BRDA:60,11,1,0
BRDA:62,12,0,0
BRDA:62,12,1,0
BRDA:74,13,0,0
BRDA:74,13,1,0
BRDA:76,14,0,0
BRDA:76,14,1,0
BRDA:88,15,0,0
BRDA:88,15,1,0
BRDA:88,16,0,0
BRDA:88,16,1,0
BRDA:88,16,2,0
BRDA:103,17,0,3
BRDA:103,17,1,4
BRDA:103,18,0,7
BRDA:103,18,1,5
BRDA:103,18,2,5
BRDA:107,19,0,1
BRDA:107,19,1,3
BRDA:107,20,0,4
BRDA:107,20,1,1
BRDA:110,21,0,3
BRDA:110,21,1,1
BRDA:110,22,0,4
BRDA:110,22,1,2
BRDA:120,23,0,0
BRDA:120,23,1,1
BRDA:128,24,0,0
BRDA:128,24,1,0
BRDA:137,25,0,0
BRDA:137,25,1,1
BRDA:148,26,0,0
BRDA:148,26,1,0
BRDA:149,27,0,0
BRDA:149,27,1,0
BRDA:158,28,0,1
BRDA:158,28,1,3
BRDA:161,29,0,1
BRDA:161,29,1,2
BRDA:161,30,0,3
BRDA:161,30,1,3
BRDA:164,31,0,2
BRDA:164,31,1,1
BRDA:164,31,2,0
BRF:65
BRH:32
end_of_record
TN:
SF:src\utils\logger.js
FN:19,(anonymous_0)
FNF:1
FNH:0
FNDA:0,(anonymous_0)
DA:5,3
DA:6,3
DA:7,3
DA:9,3
DA:12,3
DA:13,0
DA:16,3
DA:19,3
DA:20,0
DA:21,0
DA:22,0
DA:25,3
DA:50,3
DA:51,0
DA:60,3
LF:15
LH:10
BRDA:12,0,0,0
BRDA:12,0,1,3
BRDA:20,1,0,0
BRDA:20,1,1,0
BRDA:21,2,0,0
BRDA:21,2,1,0
BRDA:26,3,0,3
BRDA:26,3,1,3
BRDA:50,4,0,0
BRDA:50,4,1,3
BRF:10
BRH:4
end_of_record
